{"/home/travis/build/npmtest/node-npmtest-asar/test.js":{"path":"/home/travis/build/npmtest/node-npmtest-asar/test.js","s":{"1":2,"2":2,"3":2,"4":2,"5":2,"6":2,"7":2,"8":1,"9":2,"10":2,"11":1,"12":1,"13":1,"14":1,"15":2,"16":2,"17":2,"18":2,"19":1,"20":1,"21":2,"22":2,"23":2,"24":1,"25":1,"26":1,"27":1,"28":1,"29":1,"30":1,"31":1,"32":1,"33":1,"34":1,"35":1,"36":1,"37":1,"38":1,"39":2,"40":2,"41":1,"42":2,"43":2,"44":1,"45":2,"46":2,"47":1,"48":2,"49":2,"50":1,"51":1,"52":1,"53":1,"54":1},"b":{"1":[2,1,1,1],"2":[1,1,1,1],"3":[1,1],"4":[1,1],"5":[1,1],"6":[1,1],"7":[1,1],"8":[1,1],"9":[1,1],"10":[1,1,1],"11":[1,1],"12":[1,1],"13":[1,1],"14":[1,1],"15":[1,1],"16":[1,1],"17":[1,1]},"f":{"1":2,"2":2,"3":2,"4":2,"5":2,"6":1,"7":1,"8":1,"9":2,"10":2,"11":2,"12":2,"13":1},"fnMap":{"1":{"name":"(anonymous_1)","line":12,"loc":{"start":{"line":12,"column":1},"end":{"line":12,"column":13}}},"2":{"name":"(anonymous_2)","line":19,"loc":{"start":{"line":19,"column":5},"end":{"line":19,"column":17}}},"3":{"name":"(anonymous_3)","line":23,"loc":{"start":{"line":23,"column":24},"end":{"line":23,"column":36}}},"4":{"name":"(anonymous_4)","line":61,"loc":{"start":{"line":61,"column":5},"end":{"line":61,"column":17}}},"5":{"name":"(anonymous_5)","line":82,"loc":{"start":{"line":82,"column":5},"end":{"line":82,"column":17}}},"6":{"name":"(anonymous_6)","line":91,"loc":{"start":{"line":91,"column":77},"end":{"line":94,"column":10}}},"7":{"name":"(anonymous_7)","line":112,"loc":{"start":{"line":112,"column":83},"end":{"line":115,"column":10}},"skip":true},"8":{"name":"(anonymous_8)","line":123,"loc":{"start":{"line":123,"column":77},"end":{"line":126,"column":10}},"skip":true},"9":{"name":"(anonymous_9)","line":139,"loc":{"start":{"line":139,"column":12},"end":{"line":139,"column":40}},"skip":true},"10":{"name":"(anonymous_10)","line":147,"loc":{"start":{"line":147,"column":77},"end":{"line":150,"column":10}},"skip":true},"11":{"name":"(anonymous_11)","line":158,"loc":{"start":{"line":158,"column":83},"end":{"line":161,"column":10}},"skip":true},"12":{"name":"(anonymous_12)","line":169,"loc":{"start":{"line":169,"column":79},"end":{"line":172,"column":10}},"skip":true},"13":{"name":"(anonymous_13)","line":180,"loc":{"start":{"line":180,"column":75},"end":{"line":183,"column":10}},"skip":true}},"statementMap":{"1":{"start":{"line":12,"column":0},"end":{"line":195,"column":5}},"2":{"start":{"line":14,"column":4},"end":{"line":14,"column":14}},"3":{"start":{"line":19,"column":4},"end":{"line":56,"column":9}},"4":{"start":{"line":21,"column":8},"end":{"line":21,"column":19}},"5":{"start":{"line":23,"column":8},"end":{"line":35,"column":13}},"6":{"start":{"line":24,"column":12},"end":{"line":34,"column":13}},"7":{"start":{"line":25,"column":16},"end":{"line":28,"column":30}},"8":{"start":{"line":30,"column":16},"end":{"line":33,"column":27}},"9":{"start":{"line":37,"column":8},"end":{"line":39,"column":21}},"10":{"start":{"line":40,"column":8},"end":{"line":53,"column":9}},"11":{"start":{"line":43,"column":12},"end":{"line":46,"column":14}},"12":{"start":{"line":47,"column":12},"end":{"line":47,"column":18}},"13":{"start":{"line":50,"column":12},"end":{"line":51,"column":33}},"14":{"start":{"line":52,"column":12},"end":{"line":52,"column":18}},"15":{"start":{"line":55,"column":8},"end":{"line":55,"column":35}},"16":{"start":{"line":61,"column":4},"end":{"line":63,"column":9}},"17":{"start":{"line":62,"column":8},"end":{"line":62,"column":15}},"18":{"start":{"line":64,"column":4},"end":{"line":77,"column":5}},"19":{"start":{"line":70,"column":8},"end":{"line":70,"column":14}},"20":{"start":{"line":76,"column":8},"end":{"line":76,"column":14}},"21":{"start":{"line":82,"column":4},"end":{"line":84,"column":9}},"22":{"start":{"line":83,"column":8},"end":{"line":83,"column":15}},"23":{"start":{"line":85,"column":4},"end":{"line":194,"column":5}},"24":{"start":{"line":91,"column":8},"end":{"line":99,"column":10}},"25":{"start":{"line":98,"column":12},"end":{"line":98,"column":35}},"26":{"start":{"line":102,"column":8},"end":{"line":104,"column":63}},"27":{"start":{"line":105,"column":8},"end":{"line":105,"column":14}},"28":{"start":{"line":112,"column":8},"end":{"line":121,"column":10},"skip":true},"29":{"start":{"line":119,"column":12},"end":{"line":119,"column":55},"skip":true},"30":{"start":{"line":120,"column":12},"end":{"line":120,"column":48},"skip":true},"31":{"start":{"line":123,"column":8},"end":{"line":136,"column":10},"skip":true},"32":{"start":{"line":130,"column":12},"end":{"line":130,"column":76},"skip":true},"33":{"start":{"line":131,"column":12},"end":{"line":131,"column":73},"skip":true},"34":{"start":{"line":132,"column":12},"end":{"line":132,"column":74},"skip":true},"35":{"start":{"line":133,"column":12},"end":{"line":133,"column":79},"skip":true},"36":{"start":{"line":134,"column":12},"end":{"line":134,"column":25},"skip":true},"37":{"start":{"line":135,"column":12},"end":{"line":135,"column":45},"skip":true},"38":{"start":{"line":138,"column":8},"end":{"line":145,"column":14},"skip":true},"39":{"start":{"line":143,"column":16},"end":{"line":143,"column":29},"skip":true},"40":{"start":{"line":144,"column":16},"end":{"line":144,"column":55},"skip":true},"41":{"start":{"line":147,"column":8},"end":{"line":156,"column":10},"skip":true},"42":{"start":{"line":154,"column":12},"end":{"line":154,"column":25},"skip":true},"43":{"start":{"line":155,"column":12},"end":{"line":155,"column":45},"skip":true},"44":{"start":{"line":158,"column":8},"end":{"line":167,"column":10},"skip":true},"45":{"start":{"line":165,"column":12},"end":{"line":165,"column":25},"skip":true},"46":{"start":{"line":166,"column":12},"end":{"line":166,"column":48},"skip":true},"47":{"start":{"line":169,"column":8},"end":{"line":178,"column":10},"skip":true},"48":{"start":{"line":176,"column":12},"end":{"line":176,"column":25},"skip":true},"49":{"start":{"line":177,"column":12},"end":{"line":177,"column":46},"skip":true},"50":{"start":{"line":180,"column":8},"end":{"line":189,"column":10},"skip":true},"51":{"start":{"line":187,"column":12},"end":{"line":187,"column":94},"skip":true},"52":{"start":{"line":188,"column":12},"end":{"line":188,"column":48},"skip":true},"53":{"start":{"line":192,"column":8},"end":{"line":192,"column":35},"skip":true},"54":{"start":{"line":193,"column":8},"end":{"line":193,"column":14},"skip":true}},"branchMap":{"1":{"line":25,"type":"binary-expr","locations":[{"start":{"line":25,"column":23},"end":{"line":25,"column":62}},{"start":{"line":26,"column":20},"end":{"line":26,"column":70}},{"start":{"line":27,"column":20},"end":{"line":27,"column":71}},{"start":{"line":28,"column":20},"end":{"line":28,"column":29}}]},"2":{"line":30,"type":"binary-expr","locations":[{"start":{"line":30,"column":23},"end":{"line":30,"column":37}},{"start":{"line":31,"column":20},"end":{"line":31,"column":61}},{"start":{"line":32,"column":20},"end":{"line":32,"column":70}},{"start":{"line":33,"column":20},"end":{"line":33,"column":26}}]},"3":{"line":37,"type":"cond-expr","locations":[{"start":{"line":38,"column":14},"end":{"line":38,"column":20}},{"start":{"line":39,"column":14},"end":{"line":39,"column":20}}]},"4":{"line":40,"type":"switch","locations":[{"start":{"line":42,"column":8},"end":{"line":47,"column":18}},{"start":{"line":49,"column":8},"end":{"line":52,"column":18}}]},"5":{"line":44,"type":"binary-expr","locations":[{"start":{"line":44,"column":16},"end":{"line":44,"column":44}},{"start":{"line":44,"column":48},"end":{"line":44,"column":66}}]},"6":{"line":50,"type":"binary-expr","locations":[{"start":{"line":50,"column":21},"end":{"line":50,"column":49}},{"start":{"line":50,"column":53},"end":{"line":50,"column":72}}]},"7":{"line":64,"type":"switch","locations":[{"start":{"line":69,"column":4},"end":{"line":70,"column":14}},{"start":{"line":75,"column":4},"end":{"line":76,"column":14}}]},"8":{"line":85,"type":"switch","locations":[{"start":{"line":90,"column":4},"end":{"line":105,"column":14}},{"start":{"line":111,"column":4},"end":{"line":193,"column":14},"skip":true}]},"9":{"line":91,"type":"binary-expr","locations":[{"start":{"line":91,"column":42},"end":{"line":91,"column":73}},{"start":{"line":91,"column":77},"end":{"line":99,"column":9}}]},"10":{"line":102,"type":"binary-expr","locations":[{"start":{"line":102,"column":18},"end":{"line":102,"column":32}},{"start":{"line":103,"column":12},"end":{"line":103,"column":53}},{"start":{"line":104,"column":12},"end":{"line":104,"column":61}}]},"11":{"line":112,"type":"binary-expr","locations":[{"start":{"line":112,"column":45},"end":{"line":112,"column":79},"skip":true},{"start":{"line":112,"column":83},"end":{"line":121,"column":9},"skip":true}]},"12":{"line":123,"type":"binary-expr","locations":[{"start":{"line":123,"column":42},"end":{"line":123,"column":73},"skip":true},{"start":{"line":123,"column":77},"end":{"line":136,"column":9},"skip":true}]},"13":{"line":138,"type":"binary-expr","locations":[{"start":{"line":138,"column":48},"end":{"line":138,"column":85},"skip":true},{"start":{"line":139,"column":12},"end":{"line":145,"column":13},"skip":true}]},"14":{"line":147,"type":"binary-expr","locations":[{"start":{"line":147,"column":42},"end":{"line":147,"column":73},"skip":true},{"start":{"line":147,"column":77},"end":{"line":156,"column":9},"skip":true}]},"15":{"line":158,"type":"binary-expr","locations":[{"start":{"line":158,"column":45},"end":{"line":158,"column":79},"skip":true},{"start":{"line":158,"column":83},"end":{"line":167,"column":9},"skip":true}]},"16":{"line":169,"type":"binary-expr","locations":[{"start":{"line":169,"column":43},"end":{"line":169,"column":75},"skip":true},{"start":{"line":169,"column":79},"end":{"line":178,"column":9},"skip":true}]},"17":{"line":180,"type":"binary-expr","locations":[{"start":{"line":180,"column":41},"end":{"line":180,"column":71},"skip":true},{"start":{"line":180,"column":75},"end":{"line":189,"column":9},"skip":true}]}},"code":["/* istanbul instrument in package npmtest_asar */","/*jslint","    bitwise: true,","    browser: true,","    maxerr: 8,","    maxlen: 96,","    node: true,","    nomen: true,","    regexp: true,","    stupid: true","*/","(function () {","    'use strict';","    var local;","","","","    // run shared js-env code - init-before","    (function () {","        // init local","        local = {};","        // init modeJs","        local.modeJs = (function () {","            try {","                return typeof navigator.userAgent === 'string' &&","                    typeof document.querySelector('body') === 'object' &&","                    typeof XMLHttpRequest.prototype.open === 'function' &&","                    'browser';","            } catch (errorCaughtBrowser) {","                return module.exports &&","                    typeof process.versions.node === 'string' &&","                    typeof require('http').createServer === 'function' &&","                    'node';","            }","        }());","        // init global","        local.global = local.modeJs === 'browser'","            ? window","            : global;","        switch (local.modeJs) {","        // re-init local from window.local","        case 'browser':","            local = local.global.utility2.objectSetDefault(","                local.global.utility2_rollup || local.global.local,","                local.global.utility2","            );","            break;","        // re-init local from example.js","        case 'node':","            local = (local.global.utility2_rollup || require('utility2'))","                .requireReadme();","            break;","        }","        // export local","        local.global.local = local;","    }());","","","","    // run shared js-env code - function","    (function () {","        return;","    }());","    switch (local.modeJs) {","","","","    // run browser js-env code - function","    case 'browser':","        break;","","","","    // run node js-env code - function","    case 'node':","        break;","    }","","","","    // run shared js-env code - init-after","    (function () {","        return;","    }());","    switch (local.modeJs) {","","","","    // run browser js-env code - init-after","    case 'browser':","        local.testCase_browser_nullCase = local.testCase_browser_nullCase || function (","            options,","            onError","        ) {","        /*","         * this function will test browsers's null-case handling-behavior-behavior","         */","            onError(null, options);","        };","","        // run tests","        local.nop(local.modeTest &&","            document.querySelector('#testRunButton1') &&","            document.querySelector('#testRunButton1').click());","        break;","","","","    // run node js-env code - init-after","    /* istanbul ignore next */","    case 'node':","        local.testCase_buildApidoc_default = local.testCase_buildApidoc_default || function (","            options,","            onError","        ) {","        /*","         * this function will test buildApidoc's default handling-behavior-behavior","         */","            options = { modulePathList: module.paths };","            local.buildApidoc(options, onError);","        };","","        local.testCase_buildApp_default = local.testCase_buildApp_default || function (","            options,","            onError","        ) {","        /*","         * this function will test buildApp's default handling-behavior-behavior","         */","            local.testCase_buildReadme_default(options, local.onErrorThrow);","            local.testCase_buildLib_default(options, local.onErrorThrow);","            local.testCase_buildTest_default(options, local.onErrorThrow);","            local.testCase_buildCustomOrg_default(options, local.onErrorThrow);","            options = [];","            local.buildApp(options, onError);","        };","","        local.testCase_buildCustomOrg_default = local.testCase_buildCustomOrg_default ||","            function (options, onError) {","            /*","             * this function will test buildCustomOrg's default handling-behavior","             */","                options = {};","                local.buildCustomOrg(options, onError);","            };","","        local.testCase_buildLib_default = local.testCase_buildLib_default || function (","            options,","            onError","        ) {","        /*","         * this function will test buildLib's default handling-behavior","         */","            options = {};","            local.buildLib(options, onError);","        };","","        local.testCase_buildReadme_default = local.testCase_buildReadme_default || function (","            options,","            onError","        ) {","        /*","         * this function will test buildReadme's default handling-behavior-behavior","         */","            options = {};","            local.buildReadme(options, onError);","        };","","        local.testCase_buildTest_default = local.testCase_buildTest_default || function (","            options,","            onError","        ) {","        /*","         * this function will test buildTest's default handling-behavior","         */","            options = {};","            local.buildTest(options, onError);","        };","","        local.testCase_webpage_default = local.testCase_webpage_default || function (","            options,","            onError","        ) {","        /*","         * this function will test webpage's default handling-behavior","         */","            options = { modeCoverageMerge: true, url: local.serverLocalHost + '?modeTest=1' };","            local.browserTest(options, onError);","        };","","        // run test-server","        local.testRunServer(local);","        break;","    }","}());",""],"l":{"12":2,"14":2,"19":2,"21":2,"23":2,"24":2,"25":2,"30":1,"37":2,"40":2,"43":1,"47":1,"50":1,"52":1,"55":2,"61":2,"62":2,"64":2,"70":1,"76":1,"82":2,"83":2,"85":2,"91":1,"98":1,"102":1,"105":1,"112":1,"119":1,"120":1,"123":1,"130":1,"131":1,"132":1,"133":1,"134":1,"135":1,"138":1,"143":2,"144":2,"147":1,"154":2,"155":2,"158":1,"165":2,"166":2,"169":1,"176":2,"177":2,"180":1,"187":1,"188":1,"192":1,"193":1}},"/home/travis/build/npmtest/node-npmtest-asar/lib.npmtest_asar.js":{"path":"/home/travis/build/npmtest/node-npmtest-asar/lib.npmtest_asar.js","s":{"1":2,"2":2,"3":2,"4":2,"5":2,"6":2,"7":2,"8":1,"9":2,"10":2,"11":2,"12":2,"13":1,"14":1,"15":1,"16":1},"b":{"1":[2,1,1,1],"2":[1,1,1,1],"3":[1,1],"4":[2,2],"5":[1,1]},"f":{"1":2,"2":2,"3":2},"fnMap":{"1":{"name":"(anonymous_1)","line":12,"loc":{"start":{"line":12,"column":1},"end":{"line":12,"column":13}}},"2":{"name":"(anonymous_2)","line":19,"loc":{"start":{"line":19,"column":5},"end":{"line":19,"column":17}}},"3":{"name":"(anonymous_3)","line":23,"loc":{"start":{"line":23,"column":24},"end":{"line":23,"column":36}}}},"statementMap":{"1":{"start":{"line":12,"column":0},"end":{"line":53,"column":5}},"2":{"start":{"line":14,"column":4},"end":{"line":14,"column":14}},"3":{"start":{"line":19,"column":4},"end":{"line":52,"column":9}},"4":{"start":{"line":21,"column":8},"end":{"line":21,"column":19}},"5":{"start":{"line":23,"column":8},"end":{"line":35,"column":13}},"6":{"start":{"line":24,"column":12},"end":{"line":34,"column":13}},"7":{"start":{"line":25,"column":16},"end":{"line":28,"column":30}},"8":{"start":{"line":30,"column":16},"end":{"line":33,"column":27}},"9":{"start":{"line":37,"column":8},"end":{"line":39,"column":21}},"10":{"start":{"line":41,"column":8},"end":{"line":41,"column":54}},"11":{"start":{"line":43,"column":8},"end":{"line":43,"column":49}},"12":{"start":{"line":45,"column":8},"end":{"line":51,"column":9}},"13":{"start":{"line":46,"column":12},"end":{"line":46,"column":55}},"14":{"start":{"line":48,"column":12},"end":{"line":48,"column":35}},"15":{"start":{"line":49,"column":12},"end":{"line":49,"column":49}},"16":{"start":{"line":50,"column":12},"end":{"line":50,"column":43}}},"branchMap":{"1":{"line":25,"type":"binary-expr","locations":[{"start":{"line":25,"column":23},"end":{"line":25,"column":62}},{"start":{"line":26,"column":20},"end":{"line":26,"column":70}},{"start":{"line":27,"column":20},"end":{"line":27,"column":71}},{"start":{"line":28,"column":20},"end":{"line":28,"column":29}}]},"2":{"line":30,"type":"binary-expr","locations":[{"start":{"line":30,"column":23},"end":{"line":30,"column":37}},{"start":{"line":31,"column":20},"end":{"line":31,"column":61}},{"start":{"line":32,"column":20},"end":{"line":32,"column":70}},{"start":{"line":33,"column":20},"end":{"line":33,"column":26}}]},"3":{"line":37,"type":"cond-expr","locations":[{"start":{"line":38,"column":14},"end":{"line":38,"column":20}},{"start":{"line":39,"column":14},"end":{"line":39,"column":20}}]},"4":{"line":41,"type":"binary-expr","locations":[{"start":{"line":41,"column":16},"end":{"line":41,"column":44}},{"start":{"line":41,"column":48},"end":{"line":41,"column":53}}]},"5":{"line":45,"type":"if","locations":[{"start":{"line":45,"column":8},"end":{"line":45,"column":8}},{"start":{"line":45,"column":8},"end":{"line":45,"column":8}}]}},"code":["/* istanbul instrument in package npmtest_asar */","/*jslint","    bitwise: true,","    browser: true,","    maxerr: 8,","    maxlen: 96,","    node: true,","    nomen: true,","    regexp: true,","    stupid: true","*/","(function () {","    'use strict';","    var local;","","","","    // run shared js-env code - init-before","    (function () {","        // init local","        local = {};","        // init modeJs","        local.modeJs = (function () {","            try {","                return typeof navigator.userAgent === 'string' &&","                    typeof document.querySelector('body') === 'object' &&","                    typeof XMLHttpRequest.prototype.open === 'function' &&","                    'browser';","            } catch (errorCaughtBrowser) {","                return module.exports &&","                    typeof process.versions.node === 'string' &&","                    typeof require('http').createServer === 'function' &&","                    'node';","            }","        }());","        // init global","        local.global = local.modeJs === 'browser'","            ? window","            : global;","        // init utility2_rollup","        local = local.global.utility2_rollup || local;","        // init lib","        local.local = local.npmtest_asar = local;","        // init exports","        if (local.modeJs === 'browser') {","            local.global.utility2_npmtest_asar = local;","        } else {","            module.exports = local;","            module.exports.__dirname = __dirname;","            module.exports.module = module;","        }","    }());","}());",""],"l":{"12":2,"14":2,"19":2,"21":2,"23":2,"24":2,"25":2,"30":1,"37":2,"41":2,"43":2,"45":2,"46":1,"48":1,"49":1,"50":1}},"/home/travis/build/npmtest/node-npmtest-asar/example.js":{"path":"/home/travis/build/npmtest/node-npmtest-asar/example.js","s":{"1":2,"2":2,"3":2,"4":2,"5":2,"6":2,"7":2,"8":1,"9":2,"10":2,"11":2,"12":2,"13":1,"14":2,"15":2,"16":2,"17":2,"18":2,"19":0,"20":2,"21":1,"22":1,"23":1,"24":1,"25":1,"26":0,"27":0,"28":1,"29":1,"30":2,"31":0,"32":0,"33":0,"34":1,"35":2,"36":2,"37":3,"38":3,"39":3,"40":3,"41":0,"42":3,"43":3,"44":3,"45":1,"46":3,"47":1,"48":1,"49":1,"50":1,"51":1,"52":1,"53":1,"54":1,"55":1,"56":1,"57":0,"58":1,"59":6,"60":6,"61":1,"62":2,"63":0,"64":2,"65":1,"66":1,"67":0,"68":0,"69":0,"70":0,"71":0,"72":0,"73":0,"74":0,"75":0,"76":0,"77":0,"78":0,"79":0,"80":0,"81":0,"82":0,"83":0},"b":{"1":[2,1,1,1],"2":[1,1,1,1],"3":[1,1],"4":[2,2],"5":[1,1],"6":[1,1],"7":[2,0],"8":[2,1,1,1,1,1],"9":[0,2,0],"10":[1,1],"11":[2,1,1],"12":[1,0],"13":[0,2],"14":[2,0,0,0,0,0,0],"15":[0,3],"16":[3,0],"17":[1,1],"18":[0,1],"19":[1,2,0,2],"20":[1,0],"21":[1,1],"22":[0,0],"23":[0,0],"24":[0,0],"25":[0,0],"26":[0,0],"27":[0,0],"28":[0,0]},"f":{"1":2,"2":2,"3":2,"4":2,"5":2,"6":2,"7":3,"8":3,"9":3,"10":1,"11":6,"12":0},"fnMap":{"1":{"name":"(anonymous_1)","line":26,"loc":{"start":{"line":26,"column":1},"end":{"line":26,"column":13}}},"2":{"name":"(anonymous_2)","line":33,"loc":{"start":{"line":33,"column":5},"end":{"line":33,"column":17}}},"3":{"name":"(anonymous_3)","line":37,"loc":{"start":{"line":37,"column":24},"end":{"line":37,"column":36}}},"4":{"name":"(anonymous_4)","line":69,"loc":{"start":{"line":69,"column":31},"end":{"line":69,"column":48}},"skip":true},"5":{"name":"(anonymous_5)","line":78,"loc":{"start":{"line":78,"column":26},"end":{"line":78,"column":45}},"skip":true},"6":{"name":"(anonymous_6)","line":123,"loc":{"start":{"line":123,"column":33},"end":{"line":123,"column":48}},"skip":true},"7":{"name":"(anonymous_7)","line":125,"loc":{"start":{"line":125,"column":27},"end":{"line":125,"column":39}},"skip":true},"8":{"name":"(anonymous_8)","line":133,"loc":{"start":{"line":133,"column":59},"end":{"line":133,"column":74}},"skip":true},"9":{"name":"(anonymous_9)","line":143,"loc":{"start":{"line":143,"column":45},"end":{"line":143,"column":62}},"skip":true},"10":{"name":"(anonymous_10)","line":144,"loc":{"start":{"line":144,"column":73},"end":{"line":144,"column":92}},"skip":true},"11":{"name":"(anonymous_11)","line":272,"loc":{"start":{"line":272,"column":51},"end":{"line":272,"column":77}},"skip":true},"12":{"name":"(anonymous_12)","line":315,"loc":{"start":{"line":315,"column":32},"end":{"line":315,"column":61}},"skip":true}},"statementMap":{"1":{"start":{"line":26,"column":0},"end":{"line":326,"column":5}},"2":{"start":{"line":28,"column":4},"end":{"line":28,"column":14}},"3":{"start":{"line":33,"column":4},"end":{"line":60,"column":9}},"4":{"start":{"line":35,"column":8},"end":{"line":35,"column":19}},"5":{"start":{"line":37,"column":8},"end":{"line":49,"column":13}},"6":{"start":{"line":38,"column":12},"end":{"line":48,"column":13}},"7":{"start":{"line":39,"column":16},"end":{"line":42,"column":30}},"8":{"start":{"line":44,"column":16},"end":{"line":47,"column":27}},"9":{"start":{"line":51,"column":8},"end":{"line":53,"column":21}},"10":{"start":{"line":55,"column":8},"end":{"line":57,"column":45}},"11":{"start":{"line":59,"column":8},"end":{"line":59,"column":35}},"12":{"start":{"line":61,"column":4},"end":{"line":325,"column":5}},"13":{"start":{"line":69,"column":8},"end":{"line":121,"column":10},"skip":true},"14":{"start":{"line":70,"column":12},"end":{"line":88,"column":13},"skip":true},"15":{"start":{"line":76,"column":16},"end":{"line":87,"column":19},"skip":true},"16":{"start":{"line":79,"column":20},"end":{"line":86,"column":21},"skip":true},"17":{"start":{"line":82,"column":24},"end":{"line":82,"column":43},"skip":true},"18":{"start":{"line":83,"column":24},"end":{"line":83,"column":30},"skip":true},"19":{"start":{"line":85,"column":24},"end":{"line":85,"column":49},"skip":true},"20":{"start":{"line":89,"column":12},"end":{"line":107,"column":13},"skip":true},"21":{"start":{"line":92,"column":16},"end":{"line":102,"column":17},"skip":true},"22":{"start":{"line":93,"column":20},"end":{"line":93,"column":86},"skip":true},"23":{"start":{"line":94,"column":20},"end":{"line":95,"column":45},"skip":true},"24":{"start":{"line":96,"column":20},"end":{"line":96,"column":42},"skip":true},"25":{"start":{"line":97,"column":20},"end":{"line":97,"column":48},"skip":true},"26":{"start":{"line":100,"column":20},"end":{"line":100,"column":85},"skip":true},"27":{"start":{"line":101,"column":20},"end":{"line":101,"column":96},"skip":true},"28":{"start":{"line":103,"column":16},"end":{"line":103,"column":22},"skip":true},"29":{"start":{"line":106,"column":16},"end":{"line":106,"column":22},"skip":true},"30":{"start":{"line":108,"column":12},"end":{"line":120,"column":13},"skip":true},"31":{"start":{"line":114,"column":16},"end":{"line":119,"column":17},"skip":true},"32":{"start":{"line":116,"column":20},"end":{"line":116,"column":78},"skip":true},"33":{"start":{"line":118,"column":20},"end":{"line":118,"column":47},"skip":true},"34":{"start":{"line":123,"column":8},"end":{"line":141,"column":11},"skip":true},"35":{"start":{"line":124,"column":12},"end":{"line":124,"column":54},"skip":true},"36":{"start":{"line":125,"column":12},"end":{"line":140,"column":14},"skip":true},"37":{"start":{"line":126,"column":16},"end":{"line":126,"column":28},"skip":true},"38":{"start":{"line":127,"column":16},"end":{"line":127,"column":69},"skip":true},"39":{"start":{"line":128,"column":16},"end":{"line":128,"column":75},"skip":true},"40":{"start":{"line":129,"column":16},"end":{"line":131,"column":17},"skip":true},"41":{"start":{"line":130,"column":20},"end":{"line":130,"column":27},"skip":true},"42":{"start":{"line":133,"column":16},"end":{"line":137,"column":36},"skip":true},"43":{"start":{"line":134,"column":20},"end":{"line":136,"column":55},"skip":true},"44":{"start":{"line":139,"column":16},"end":{"line":139,"column":57},"skip":true},"45":{"start":{"line":143,"column":8},"end":{"line":147,"column":11},"skip":true},"46":{"start":{"line":144,"column":12},"end":{"line":146,"column":15},"skip":true},"47":{"start":{"line":145,"column":16},"end":{"line":145,"column":70},"skip":true},"48":{"start":{"line":149,"column":8},"end":{"line":149,"column":31},"skip":true},"49":{"start":{"line":150,"column":8},"end":{"line":150,"column":14},"skip":true},"50":{"start":{"line":158,"column":8},"end":{"line":158,"column":31},"skip":true},"51":{"start":{"line":160,"column":8},"end":{"line":160,"column":33},"skip":true},"52":{"start":{"line":161,"column":8},"end":{"line":161,"column":37},"skip":true},"53":{"start":{"line":162,"column":8},"end":{"line":162,"column":35},"skip":true},"54":{"start":{"line":164,"column":8},"end":{"line":164,"column":50},"skip":true},"55":{"start":{"line":166,"column":8},"end":{"line":256,"column":2},"skip":true},"56":{"start":{"line":258,"column":8},"end":{"line":286,"column":9},"skip":true},"57":{"start":{"line":259,"column":12},"end":{"line":269,"column":14},"skip":true},"58":{"start":{"line":271,"column":12},"end":{"line":285,"column":19},"skip":true},"59":{"start":{"line":274,"column":20},"end":{"line":274,"column":35},"skip":true},"60":{"start":{"line":275,"column":20},"end":{"line":284,"column":21},"skip":true},"61":{"start":{"line":277,"column":24},"end":{"line":277,"column":64},"skip":true},"62":{"start":{"line":279,"column":24},"end":{"line":279,"column":40},"skip":true},"63":{"start":{"line":281,"column":24},"end":{"line":281,"column":40},"skip":true},"64":{"start":{"line":283,"column":24},"end":{"line":283,"column":39},"skip":true},"65":{"start":{"line":288,"column":8},"end":{"line":290,"column":9},"skip":true},"66":{"start":{"line":289,"column":12},"end":{"line":289,"column":18},"skip":true},"67":{"start":{"line":291,"column":8},"end":{"line":293,"column":54},"skip":true},"68":{"start":{"line":296,"column":8},"end":{"line":301,"column":37},"skip":true},"69":{"start":{"line":303,"column":8},"end":{"line":303,"column":82},"skip":true},"70":{"start":{"line":306,"column":8},"end":{"line":308,"column":9},"skip":true},"71":{"start":{"line":307,"column":12},"end":{"line":307,"column":82},"skip":true},"72":{"start":{"line":310,"column":8},"end":{"line":312,"column":9},"skip":true},"73":{"start":{"line":311,"column":12},"end":{"line":311,"column":18},"skip":true},"74":{"start":{"line":313,"column":8},"end":{"line":313,"column":54},"skip":true},"75":{"start":{"line":314,"column":8},"end":{"line":314,"column":69},"skip":true},"76":{"start":{"line":315,"column":8},"end":{"line":323,"column":36},"skip":true},"77":{"start":{"line":316,"column":12},"end":{"line":316,"column":61},"skip":true},"78":{"start":{"line":317,"column":12},"end":{"line":320,"column":13},"skip":true},"79":{"start":{"line":318,"column":16},"end":{"line":318,"column":75},"skip":true},"80":{"start":{"line":319,"column":16},"end":{"line":319,"column":23},"skip":true},"81":{"start":{"line":321,"column":12},"end":{"line":321,"column":38},"skip":true},"82":{"start":{"line":322,"column":12},"end":{"line":322,"column":27},"skip":true},"83":{"start":{"line":324,"column":8},"end":{"line":324,"column":14},"skip":true}},"branchMap":{"1":{"line":39,"type":"binary-expr","locations":[{"start":{"line":39,"column":23},"end":{"line":39,"column":62}},{"start":{"line":40,"column":20},"end":{"line":40,"column":70}},{"start":{"line":41,"column":20},"end":{"line":41,"column":71}},{"start":{"line":42,"column":20},"end":{"line":42,"column":29}}]},"2":{"line":44,"type":"binary-expr","locations":[{"start":{"line":44,"column":23},"end":{"line":44,"column":37}},{"start":{"line":45,"column":20},"end":{"line":45,"column":61}},{"start":{"line":46,"column":20},"end":{"line":46,"column":70}},{"start":{"line":47,"column":20},"end":{"line":47,"column":26}}]},"3":{"line":51,"type":"cond-expr","locations":[{"start":{"line":52,"column":14},"end":{"line":52,"column":20}},{"start":{"line":53,"column":14},"end":{"line":53,"column":20}}]},"4":{"line":55,"type":"binary-expr","locations":[{"start":{"line":55,"column":16},"end":{"line":55,"column":44}},{"start":{"line":55,"column":49},"end":{"line":57,"column":43}}]},"5":{"line":55,"type":"cond-expr","locations":[{"start":{"line":56,"column":14},"end":{"line":56,"column":48}},{"start":{"line":57,"column":14},"end":{"line":57,"column":43}}]},"6":{"line":61,"type":"switch","locations":[{"start":{"line":68,"column":4},"end":{"line":150,"column":14},"skip":true},{"start":{"line":156,"column":4},"end":{"line":324,"column":14},"skip":true}]},"7":{"line":70,"type":"if","locations":[{"start":{"line":70,"column":12},"end":{"line":70,"column":12},"skip":true},{"start":{"line":70,"column":12},"end":{"line":70,"column":12},"skip":true}]},"8":{"line":70,"type":"binary-expr","locations":[{"start":{"line":70,"column":16},"end":{"line":70,"column":22},"skip":true},{"start":{"line":70,"column":27},"end":{"line":70,"column":32},"skip":true},{"start":{"line":71,"column":20},"end":{"line":71,"column":39},"skip":true},{"start":{"line":72,"column":20},"end":{"line":72,"column":49},"skip":true},{"start":{"line":73,"column":20},"end":{"line":73,"column":58},"skip":true},{"start":{"line":74,"column":20},"end":{"line":74,"column":69},"skip":true}]},"9":{"line":79,"type":"switch","locations":[{"start":{"line":80,"column":20},"end":{"line":80,"column":33},"skip":true},{"start":{"line":81,"column":20},"end":{"line":83,"column":30},"skip":true},{"start":{"line":84,"column":20},"end":{"line":85,"column":49},"skip":true}]},"10":{"line":89,"type":"switch","locations":[{"start":{"line":90,"column":12},"end":{"line":103,"column":22},"skip":true},{"start":{"line":105,"column":12},"end":{"line":106,"column":22},"skip":true}]},"11":{"line":89,"type":"binary-expr","locations":[{"start":{"line":89,"column":20},"end":{"line":89,"column":25},"skip":true},{"start":{"line":89,"column":29},"end":{"line":89,"column":48},"skip":true},{"start":{"line":89,"column":52},"end":{"line":89,"column":74},"skip":true}]},"12":{"line":92,"type":"if","locations":[{"start":{"line":92,"column":16},"end":{"line":92,"column":16},"skip":true},{"start":{"line":92,"column":16},"end":{"line":92,"column":16},"skip":true}]},"13":{"line":108,"type":"if","locations":[{"start":{"line":108,"column":12},"end":{"line":108,"column":12},"skip":true},{"start":{"line":108,"column":12},"end":{"line":108,"column":12},"skip":true}]},"14":{"line":108,"type":"binary-expr","locations":[{"start":{"line":108,"column":16},"end":{"line":108,"column":61},"skip":true},{"start":{"line":108,"column":66},"end":{"line":108,"column":72},"skip":true},{"start":{"line":108,"column":77},"end":{"line":108,"column":82},"skip":true},{"start":{"line":109,"column":20},"end":{"line":109,"column":39},"skip":true},{"start":{"line":110,"column":20},"end":{"line":110,"column":49},"skip":true},{"start":{"line":111,"column":20},"end":{"line":111,"column":58},"skip":true},{"start":{"line":112,"column":20},"end":{"line":112,"column":68},"skip":true}]},"15":{"line":129,"type":"if","locations":[{"start":{"line":129,"column":16},"end":{"line":129,"column":16},"skip":true},{"start":{"line":129,"column":16},"end":{"line":129,"column":16},"skip":true}]},"16":{"line":134,"type":"cond-expr","locations":[{"start":{"line":135,"column":26},"end":{"line":135,"column":29},"skip":true},{"start":{"line":136,"column":26},"end":{"line":136,"column":54},"skip":true}]},"17":{"line":164,"type":"binary-expr","locations":[{"start":{"line":164,"column":27},"end":{"line":164,"column":43},"skip":true},{"start":{"line":164,"column":47},"end":{"line":164,"column":49},"skip":true}]},"18":{"line":258,"type":"if","locations":[{"start":{"line":258,"column":8},"end":{"line":258,"column":8},"skip":true},{"start":{"line":258,"column":8},"end":{"line":258,"column":8},"skip":true}]},"19":{"line":275,"type":"switch","locations":[{"start":{"line":276,"column":20},"end":{"line":277,"column":64},"skip":true},{"start":{"line":278,"column":20},"end":{"line":279,"column":40},"skip":true},{"start":{"line":280,"column":20},"end":{"line":281,"column":40},"skip":true},{"start":{"line":282,"column":20},"end":{"line":283,"column":39},"skip":true}]},"20":{"line":288,"type":"if","locations":[{"start":{"line":288,"column":8},"end":{"line":288,"column":8},"skip":true},{"start":{"line":288,"column":8},"end":{"line":288,"column":8},"skip":true}]},"21":{"line":288,"type":"binary-expr","locations":[{"start":{"line":288,"column":12},"end":{"line":288,"column":40},"skip":true},{"start":{"line":288,"column":44},"end":{"line":288,"column":67},"skip":true}]},"22":{"line":292,"type":"binary-expr","locations":[{"start":{"line":292,"column":12},"end":{"line":292,"column":50},"skip":true},{"start":{"line":293,"column":12},"end":{"line":293,"column":53},"skip":true}]},"23":{"line":297,"type":"binary-expr","locations":[{"start":{"line":297,"column":12},"end":{"line":297,"column":62},"skip":true},{"start":{"line":298,"column":12},"end":{"line":301,"column":36},"skip":true}]},"24":{"line":303,"type":"binary-expr","locations":[{"start":{"line":303,"column":43},"end":{"line":303,"column":75},"skip":true},{"start":{"line":303,"column":79},"end":{"line":303,"column":81},"skip":true}]},"25":{"line":306,"type":"if","locations":[{"start":{"line":306,"column":8},"end":{"line":306,"column":8},"skip":true},{"start":{"line":306,"column":8},"end":{"line":306,"column":8},"skip":true}]},"26":{"line":310,"type":"if","locations":[{"start":{"line":310,"column":8},"end":{"line":310,"column":8},"skip":true},{"start":{"line":310,"column":8},"end":{"line":310,"column":8},"skip":true}]},"27":{"line":313,"type":"binary-expr","locations":[{"start":{"line":313,"column":27},"end":{"line":313,"column":43},"skip":true},{"start":{"line":313,"column":47},"end":{"line":313,"column":53},"skip":true}]},"28":{"line":317,"type":"if","locations":[{"start":{"line":317,"column":12},"end":{"line":317,"column":12},"skip":true},{"start":{"line":317,"column":12},"end":{"line":317,"column":12},"skip":true}]}},"code":["/*","example.js","","quickstart example","","instruction","    1. save this script as example.js","    2. run the shell command:","        $ npm install npmtest-asar && PORT=8081 node example.js","    3. play with the browser-demo on http://127.0.0.1:8081","*/","","","","/* istanbul instrument in package npmtest_asar */","/*jslint","    bitwise: true,","    browser: true,","    maxerr: 8,","    maxlen: 96,","    node: true,","    nomen: true,","    regexp: true,","    stupid: true","*/","(function () {","    'use strict';","    var local;","","","","    // run shared js-env code - init-before","    (function () {","        // init local","        local = {};","        // init modeJs","        local.modeJs = (function () {","            try {","                return typeof navigator.userAgent === 'string' &&","                    typeof document.querySelector('body') === 'object' &&","                    typeof XMLHttpRequest.prototype.open === 'function' &&","                    'browser';","            } catch (errorCaughtBrowser) {","                return module.exports &&","                    typeof process.versions.node === 'string' &&","                    typeof require('http').createServer === 'function' &&","                    'node';","            }","        }());","        // init global","        local.global = local.modeJs === 'browser'","            ? window","            : global;","        // init utility2_rollup","        local = local.global.utility2_rollup || (local.modeJs === 'browser'","            ? local.global.utility2_npmtest_asar","            : global.utility2_moduleExports);","        // export local","        local.global.local = local;","    }());","    switch (local.modeJs) {","","","","    // init-after","    // run browser js-env code - init-after","    /* istanbul ignore next */","    case 'browser':","        local.testRunBrowser = function (event) {","            if (!event || (event &&","                    event.currentTarget &&","                    event.currentTarget.className &&","                    event.currentTarget.className.includes &&","                    event.currentTarget.className.includes('onreset'))) {","                // reset output","                Array.from(","                    document.querySelectorAll('body > .resettable')","                ).forEach(function (element) {","                    switch (element.tagName) {","                    case 'INPUT':","                    case 'TEXTAREA':","                        element.value = '';","                        break;","                    default:","                        element.textContent = '';","                    }","                });","            }","            switch (event && event.currentTarget && event.currentTarget.id) {","            case 'testRunButton1':","                // show tests","                if (document.querySelector('#testReportDiv1').style.display === 'none') {","                    document.querySelector('#testReportDiv1').style.display = 'block';","                    document.querySelector('#testRunButton1').textContent =","                        'hide internal test';","                    local.modeTest = true;","                    local.testRunDefault(local);","                // hide tests","                } else {","                    document.querySelector('#testReportDiv1').style.display = 'none';","                    document.querySelector('#testRunButton1').textContent = 'run internal test';","                }","                break;","            // custom-case","            default:","                break;","            }","            if (document.querySelector('#inputTextareaEval1') && (!event || (event &&","                    event.currentTarget &&","                    event.currentTarget.className &&","                    event.currentTarget.className.includes &&","                    event.currentTarget.className.includes('oneval')))) {","                // try to eval input-code","                try {","                    /*jslint evil: true*/","                    eval(document.querySelector('#inputTextareaEval1').value);","                } catch (errorCaught) {","                    console.error(errorCaught);","                }","            }","        };","        // log stderr and stdout to #outputTextareaStdout1","        ['error', 'log'].forEach(function (key) {","            console[key + '_original'] = console[key];","            console[key] = function () {","                var element;","                console[key + '_original'].apply(console, arguments);","                element = document.querySelector('#outputTextareaStdout1');","                if (!element) {","                    return;","                }","                // append text to #outputTextareaStdout1","                element.value += Array.from(arguments).map(function (arg) {","                    return typeof arg === 'string'","                        ? arg","                        : JSON.stringify(arg, null, 4);","                }).join(' ') + '\\n';","                // scroll textarea to bottom","                element.scrollTop = element.scrollHeight;","            };","        });","        // init event-handling","        ['change', 'click', 'keyup'].forEach(function (event) {","            Array.from(document.querySelectorAll('.on' + event)).forEach(function (element) {","                element.addEventListener(event, local.testRunBrowser);","            });","        });","        // run tests","        local.testRunBrowser();","        break;","","","","    // run node js-env code - init-after","    /* istanbul ignore next */","    case 'node':","        // export local","        module.exports = local;","        // require modules","        local.fs = require('fs');","        local.http = require('http');","        local.url = require('url');","        // init assets","        local.assetsDict = local.assetsDict || {};","        /* jslint-ignore-begin */","        local.assetsDict['/assets.index.template.html'] = '\\","<!doctype html>\\n\\","<html lang=\"en\">\\n\\","<head>\\n\\","<meta charset=\"UTF-8\">\\n\\","<meta name=\"viewport\" content=\"width=device-width, initial-scale=1\">\\n\\","<title>{{env.npm_package_name}} (v{{env.npm_package_version}})</title>\\n\\","<style>\\n\\","/*csslint\\n\\","    box-sizing: false,\\n\\","    universal-selector: false\\n\\","*/\\n\\","* {\\n\\","    box-sizing: border-box;\\n\\","}\\n\\","body {\\n\\","    background: #dde;\\n\\","    font-family: Arial, Helvetica, sans-serif;\\n\\","    margin: 2rem;\\n\\","}\\n\\","body > * {\\n\\","    margin-bottom: 1rem;\\n\\","}\\n\\",".utility2FooterDiv {\\n\\","    margin-top: 20px;\\n\\","    text-align: center;\\n\\","}\\n\\","</style>\\n\\","<style>\\n\\","/*csslint\\n\\","*/\\n\\","textarea {\\n\\","    font-family: monospace;\\n\\","    height: 10rem;\\n\\","    width: 100%;\\n\\","}\\n\\","textarea[readonly] {\\n\\","    background: #ddd;\\n\\","}\\n\\","</style>\\n\\","</head>\\n\\","<body>\\n\\","<!-- utility2-comment\\n\\","<div id=\"ajaxProgressDiv1\" style=\"background: #d00; height: 2px; left: 0; margin: 0; padding: 0; position: fixed; top: 0; transition: background 0.5s, width 1.5s; width: 25%;\"></div>\\n\\","utility2-comment -->\\n\\","<h1>\\n\\","<!-- utility2-comment\\n\\","    <a\\n\\","        {{#if env.npm_package_homepage}}\\n\\","        href=\"{{env.npm_package_homepage}}\"\\n\\","        {{/if env.npm_package_homepage}}\\n\\","        target=\"_blank\"\\n\\","    >\\n\\","utility2-comment -->\\n\\","        {{env.npm_package_name}} (v{{env.npm_package_version}})\\n\\","<!-- utility2-comment\\n\\","    </a>\\n\\","utility2-comment -->\\n\\","</h1>\\n\\","<h3>{{env.npm_package_description}}</h3>\\n\\","<!-- utility2-comment\\n\\","<h4><a download href=\"assets.app.js\">download standalone app</a></h4>\\n\\","<button class=\"onclick onreset\" id=\"testRunButton1\">run internal test</button><br>\\n\\","<div id=\"testReportDiv1\" style=\"display: none;\"></div>\\n\\","utility2-comment -->\\n\\","\\n\\","\\n\\","\\n\\","<label>stderr and stdout</label>\\n\\","<textarea class=\"resettable\" id=\"outputTextareaStdout1\" readonly></textarea>\\n\\","<!-- utility2-comment\\n\\","{{#if isRollup}}\\n\\","<script src=\"assets.app.js\"></script>\\n\\","{{#unless isRollup}}\\n\\","utility2-comment -->\\n\\","<script src=\"assets.utility2.rollup.js\"></script>\\n\\","<script src=\"jsonp.utility2._stateInit?callback=window.utility2._stateInit\"></script>\\n\\","<script src=\"assets.npmtest_asar.rollup.js\"></script>\\n\\","<script src=\"assets.example.js\"></script>\\n\\","<script src=\"assets.test.js\"></script>\\n\\","<!-- utility2-comment\\n\\","{{/if isRollup}}\\n\\","utility2-comment -->\\n\\","<div class=\"utility2FooterDiv\">\\n\\","    [ this app was created with\\n\\","    <a href=\"https://github.com/kaizhu256/node-utility2\" target=\"_blank\">utility2</a>\\n\\","    ]\\n\\","</div>\\n\\","</body>\\n\\","</html>\\n\\","';","        /* jslint-ignore-end */","        if (local.templateRender) {","            local.assetsDict['/'] = local.templateRender(","                local.assetsDict['/assets.index.template.html'],","                {","                    env: local.objectSetDefault(local.env, {","                        npm_package_description: 'the greatest app in the world!',","                        npm_package_name: 'my-app',","                        npm_package_nameAlias: 'my_app',","                        npm_package_version: '0.0.1'","                    })","                }","            );","        } else {","            local.assetsDict['/'] = local.assetsDict['/assets.index.template.html']","                .replace((/\\{\\{env\\.(\\w+?)\\}\\}/g), function (match0, match1) {","                    // jslint-hack","                    String(match0);","                    switch (match1) {","                    case 'npm_package_description':","                        return 'the greatest app in the world!';","                    case 'npm_package_name':","                        return 'my-app';","                    case 'npm_package_nameAlias':","                        return 'my_app';","                    case 'npm_package_version':","                        return '0.0.1';","                    }","                });","        }","        // run the cli","        if (local.global.utility2_rollup || module !== require.main) {","            break;","        }","        local.assetsDict['/assets.example.js'] =","            local.assetsDict['/assets.example.js'] ||","            local.fs.readFileSync(__filename, 'utf8');","        // bug-workaround - long $npm_package_buildCustomOrg","        /* jslint-ignore-begin */","        local.assetsDict['/assets.npmtest_asar.rollup.js'] =","            local.assetsDict['/assets.npmtest_asar.rollup.js'] ||","            local.fs.readFileSync(","                local.npmtest_asar.__dirname + '/lib.npmtest_asar.js',","                'utf8'","            ).replace((/^#!/), '//');","        /* jslint-ignore-end */","        local.assetsDict['/favicon.ico'] = local.assetsDict['/favicon.ico'] || '';","        // if $npm_config_timeout_exit exists,","        // then exit this process after $npm_config_timeout_exit ms","        if (Number(process.env.npm_config_timeout_exit)) {","            setTimeout(process.exit, Number(process.env.npm_config_timeout_exit));","        }","        // start server","        if (local.global.utility2_serverHttp1) {","            break;","        }","        process.env.PORT = process.env.PORT || '8081';","        console.error('server starting on port ' + process.env.PORT);","        local.http.createServer(function (request, response) {","            request.urlParsed = local.url.parse(request.url);","            if (local.assetsDict[request.urlParsed.pathname] !== undefined) {","                response.end(local.assetsDict[request.urlParsed.pathname]);","                return;","            }","            response.statusCode = 404;","            response.end();","        }).listen(process.env.PORT);","        break;","    }","}());",""],"l":{"26":2,"28":2,"33":2,"35":2,"37":2,"38":2,"39":2,"44":1,"51":2,"55":2,"59":2,"61":2,"69":1,"70":2,"76":2,"79":2,"82":2,"83":2,"85":1,"89":2,"92":1,"93":1,"94":1,"96":1,"97":1,"100":1,"101":1,"103":1,"106":1,"108":2,"114":1,"116":1,"118":1,"123":1,"124":2,"125":2,"126":3,"127":3,"128":3,"129":3,"130":1,"133":3,"134":3,"139":3,"143":1,"144":3,"145":1,"149":1,"150":1,"158":1,"160":1,"161":1,"162":1,"164":1,"166":1,"258":1,"259":1,"271":1,"274":6,"275":6,"277":1,"279":2,"281":1,"283":2,"288":1,"289":1,"291":1,"296":1,"303":1,"306":1,"307":1,"310":1,"311":1,"313":1,"314":1,"315":1,"316":1,"317":1,"318":1,"319":1,"321":1,"322":1,"324":1}},"/home/travis/build/npmtest/node-npmtest-asar/node_modules/asar/lib/asar.js":{"path":"/home/travis/build/npmtest/node-npmtest-asar/node_modules/asar/lib/asar.js","s":{"1":6,"2":6,"3":6,"4":6,"5":6,"6":6,"7":6,"8":6,"9":0,"10":0,"11":0,"12":0,"13":0,"14":0,"15":0,"16":0,"17":0,"18":0,"19":0,"20":0,"21":0,"22":0,"23":0,"24":0,"25":0,"26":0,"27":0,"28":0,"29":0,"30":0,"31":0,"32":0,"33":0,"34":0,"35":0,"36":0,"37":0,"38":0,"39":0,"40":0,"41":0,"42":0,"43":0,"44":0,"45":0,"46":0,"47":0,"48":0,"49":0,"50":0,"51":0,"52":0,"53":0,"54":0,"55":0,"56":0,"57":0,"58":0,"59":0,"60":0,"61":0,"62":0,"63":0,"64":0,"65":0,"66":0,"67":0,"68":0,"69":0,"70":0,"71":0,"72":0,"73":0,"74":0,"75":0,"76":0,"77":0,"78":0,"79":0,"80":0,"81":0,"82":0,"83":0,"84":0,"85":0,"86":0,"87":0,"88":0,"89":0,"90":0,"91":0,"92":0,"93":0,"94":0,"95":0,"96":0,"97":0,"98":0,"99":0,"100":0,"101":0,"102":0,"103":0,"104":0,"105":0,"106":0,"107":0,"108":0,"109":0,"110":0,"111":0,"112":0,"113":0,"114":0,"115":0,"116":0,"117":0,"118":0,"119":0,"120":0,"121":0,"122":0,"123":0,"124":0,"125":0,"126":0,"127":0,"128":0,"129":0,"130":0,"131":0,"132":0,"133":0,"134":0},"b":{"1":[0,0],"2":[0,0],"3":[0,0],"4":[0,0],"5":[0,0],"6":[0,0],"7":[0,0],"8":[0,0],"9":[0,0],"10":[0,0],"11":[0,0],"12":[0,0],"13":[0,0],"14":[0,0],"15":[0,0],"16":[0,0],"17":[0,0],"18":[0,0],"19":[0,0,0],"20":[0,0],"21":[0,0],"22":[0,0],"23":[0,0],"24":[0,0],"25":[0,0],"26":[0,0],"27":[0,0],"28":[0,0],"29":[0,0]},"f":{"1":0,"2":0,"3":0,"4":0,"5":0,"6":0,"7":0,"8":0,"9":0,"10":0,"11":0,"12":0,"13":0,"14":0,"15":0,"16":0},"fnMap":{"1":{"name":"(anonymous_1)","line":19,"loc":{"start":{"line":19,"column":20},"end":{"line":19,"column":57}}},"2":{"name":"(anonymous_2)","line":35,"loc":{"start":{"line":35,"column":31},"end":{"line":35,"column":62}}},"3":{"name":"(anonymous_3)","line":39,"loc":{"start":{"line":39,"column":42},"end":{"line":39,"column":82}}},"4":{"name":"(anonymous_4)","line":42,"loc":{"start":{"line":42,"column":44},"end":{"line":42,"column":82}}},"5":{"name":"(anonymous_5)","line":57,"loc":{"start":{"line":57,"column":40},"end":{"line":57,"column":101}}},"6":{"name":"(anonymous_6)","line":65,"loc":{"start":{"line":65,"column":87},"end":{"line":65,"column":103}}},"7":{"name":"(anonymous_7)","line":103,"loc":{"start":{"line":103,"column":21},"end":{"line":103,"column":47}}},"8":{"name":"(anonymous_8)","line":141,"loc":{"start":{"line":141,"column":22},"end":{"line":141,"column":34}}},"9":{"name":"(anonymous_9)","line":142,"loc":{"start":{"line":142,"column":38},"end":{"line":142,"column":55}}},"10":{"name":"(anonymous_10)","line":144,"loc":{"start":{"line":144,"column":69},"end":{"line":144,"column":86}}},"11":{"name":"(anonymous_11)","line":157,"loc":{"start":{"line":157,"column":15},"end":{"line":157,"column":31}}},"12":{"name":"(anonymous_12)","line":160,"loc":{"start":{"line":160,"column":28},"end":{"line":160,"column":40}}},"13":{"name":"(anonymous_13)","line":168,"loc":{"start":{"line":168,"column":26},"end":{"line":168,"column":68}}},"14":{"name":"(anonymous_14)","line":173,"loc":{"start":{"line":173,"column":29},"end":{"line":173,"column":48}}},"15":{"name":"(anonymous_15)","line":177,"loc":{"start":{"line":177,"column":29},"end":{"line":177,"column":58}}},"16":{"name":"(anonymous_16)","line":182,"loc":{"start":{"line":182,"column":28},"end":{"line":182,"column":53}}}},"statementMap":{"1":{"start":{"line":2,"column":0},"end":{"line":2,"column":24}},"2":{"start":{"line":3,"column":0},"end":{"line":3,"column":28}},"3":{"start":{"line":4,"column":0},"end":{"line":4,"column":38}},"4":{"start":{"line":5,"column":0},"end":{"line":5,"column":32}},"5":{"start":{"line":7,"column":0},"end":{"line":7,"column":42}},"6":{"start":{"line":8,"column":0},"end":{"line":8,"column":30}},"7":{"start":{"line":9,"column":0},"end":{"line":9,"column":44}},"8":{"start":{"line":10,"column":0},"end":{"line":10,"column":44}},"9":{"start":{"line":19,"column":0},"end":{"line":33,"column":1}},"10":{"start":{"line":20,"column":2},"end":{"line":32,"column":3}},"11":{"start":{"line":21,"column":4},"end":{"line":23,"column":5}},"12":{"start":{"line":22,"column":6},"end":{"line":22,"column":27}},"13":{"start":{"line":24,"column":4},"end":{"line":24,"column":15}},"14":{"start":{"line":26,"column":4},"end":{"line":30,"column":5}},"15":{"start":{"line":27,"column":6},"end":{"line":29,"column":7}},"16":{"start":{"line":28,"column":8},"end":{"line":28,"column":19}},"17":{"start":{"line":31,"column":4},"end":{"line":31,"column":16}},"18":{"start":{"line":35,"column":0},"end":{"line":37,"column":1}},"19":{"start":{"line":36,"column":2},"end":{"line":36,"column":73}},"20":{"start":{"line":39,"column":0},"end":{"line":46,"column":1}},"21":{"start":{"line":40,"column":2},"end":{"line":40,"column":69}},"22":{"start":{"line":42,"column":2},"end":{"line":45,"column":4}},"23":{"start":{"line":43,"column":4},"end":{"line":43,"column":41}},"24":{"start":{"line":43,"column":17},"end":{"line":43,"column":40}},"25":{"start":{"line":44,"column":4},"end":{"line":44,"column":92}},"26":{"start":{"line":57,"column":0},"end":{"line":166,"column":1}},"27":{"start":{"line":58,"column":2},"end":{"line":58,"column":77}},"28":{"start":{"line":58,"column":62},"end":{"line":58,"column":76}},"29":{"start":{"line":59,"column":2},"end":{"line":59,"column":40}},"30":{"start":{"line":60,"column":2},"end":{"line":60,"column":18}},"31":{"start":{"line":61,"column":2},"end":{"line":61,"column":23}},"32":{"start":{"line":63,"column":2},"end":{"line":63,"column":26}},"33":{"start":{"line":64,"column":2},"end":{"line":101,"column":3}},"34":{"start":{"line":65,"column":4},"end":{"line":70,"column":6}},"35":{"start":{"line":66,"column":6},"end":{"line":66,"column":62}},"36":{"start":{"line":66,"column":32},"end":{"line":66,"column":61}},"37":{"start":{"line":67,"column":6},"end":{"line":67,"column":24}},"38":{"start":{"line":68,"column":6},"end":{"line":68,"column":56}},"39":{"start":{"line":68,"column":34},"end":{"line":68,"column":55}},"40":{"start":{"line":69,"column":6},"end":{"line":69,"column":17}},"41":{"start":{"line":72,"column":4},"end":{"line":72,"column":23}},"42":{"start":{"line":73,"column":4},"end":{"line":80,"column":5}},"43":{"start":{"line":74,"column":6},"end":{"line":74,"column":49}},"44":{"start":{"line":75,"column":6},"end":{"line":75,"column":19}},"45":{"start":{"line":76,"column":6},"end":{"line":79,"column":7}},"46":{"start":{"line":77,"column":8},"end":{"line":77,"column":43}},"47":{"start":{"line":78,"column":8},"end":{"line":78,"column":26}},"48":{"start":{"line":82,"column":4},"end":{"line":82,"column":19}},"49":{"start":{"line":83,"column":4},"end":{"line":83,"column":34}},"50":{"start":{"line":85,"column":4},"end":{"line":89,"column":5}},"51":{"start":{"line":86,"column":6},"end":{"line":88,"column":7}},"52":{"start":{"line":87,"column":8},"end":{"line":87,"column":34}},"53":{"start":{"line":91,"column":4},"end":{"line":96,"column":5}},"54":{"start":{"line":92,"column":6},"end":{"line":95,"column":7}},"55":{"start":{"line":93,"column":8},"end":{"line":93,"column":34}},"56":{"start":{"line":94,"column":8},"end":{"line":94,"column":20}},"57":{"start":{"line":98,"column":4},"end":{"line":98,"column":84}},"58":{"start":{"line":100,"column":4},"end":{"line":100,"column":31}},"59":{"start":{"line":103,"column":2},"end":{"line":139,"column":3}},"60":{"start":{"line":104,"column":4},"end":{"line":104,"column":33}},"61":{"start":{"line":105,"column":4},"end":{"line":105,"column":12}},"62":{"start":{"line":106,"column":4},"end":{"line":112,"column":5}},"63":{"start":{"line":107,"column":6},"end":{"line":107,"column":41}},"64":{"start":{"line":108,"column":6},"end":{"line":108,"column":52}},"65":{"start":{"line":108,"column":32},"end":{"line":108,"column":51}},"66":{"start":{"line":109,"column":6},"end":{"line":109,"column":42}},"67":{"start":{"line":109,"column":27},"end":{"line":109,"column":41}},"68":{"start":{"line":110,"column":6},"end":{"line":110,"column":50}},"69":{"start":{"line":110,"column":35},"end":{"line":110,"column":49}},"70":{"start":{"line":111,"column":6},"end":{"line":111,"column":25}},"71":{"start":{"line":114,"column":4},"end":{"line":114,"column":20}},"72":{"start":{"line":115,"column":4},"end":{"line":137,"column":5}},"73":{"start":{"line":117,"column":8},"end":{"line":119,"column":17}},"74":{"start":{"line":120,"column":8},"end":{"line":120,"column":58}},"75":{"start":{"line":121,"column":8},"end":{"line":121,"column":13}},"76":{"start":{"line":123,"column":8},"end":{"line":123,"column":28}},"77":{"start":{"line":124,"column":8},"end":{"line":126,"column":9}},"78":{"start":{"line":125,"column":10},"end":{"line":125,"column":79}},"79":{"start":{"line":127,"column":8},"end":{"line":130,"column":9}},"80":{"start":{"line":128,"column":10},"end":{"line":128,"column":68}},"81":{"start":{"line":129,"column":10},"end":{"line":129,"column":76}},"82":{"start":{"line":131,"column":8},"end":{"line":131,"column":62}},"83":{"start":{"line":132,"column":8},"end":{"line":132,"column":74}},"84":{"start":{"line":133,"column":8},"end":{"line":133,"column":14}},"85":{"start":{"line":135,"column":8},"end":{"line":135,"column":50}},"86":{"start":{"line":136,"column":8},"end":{"line":136,"column":13}},"87":{"start":{"line":138,"column":4},"end":{"line":138,"column":33}},"88":{"start":{"line":141,"column":2},"end":{"line":153,"column":3}},"89":{"start":{"line":142,"column":4},"end":{"line":152,"column":6}},"90":{"start":{"line":143,"column":6},"end":{"line":143,"column":43}},"91":{"start":{"line":143,"column":19},"end":{"line":143,"column":42}},"92":{"start":{"line":144,"column":6},"end":{"line":151,"column":8}},"93":{"start":{"line":145,"column":8},"end":{"line":145,"column":45}},"94":{"start":{"line":145,"column":21},"end":{"line":145,"column":44}},"95":{"start":{"line":146,"column":8},"end":{"line":150,"column":9}},"96":{"start":{"line":147,"column":10},"end":{"line":147,"column":82}},"97":{"start":{"line":149,"column":10},"end":{"line":149,"column":31}},"98":{"start":{"line":155,"column":2},"end":{"line":155,"column":39}},"99":{"start":{"line":157,"column":2},"end":{"line":163,"column":3}},"100":{"start":{"line":158,"column":4},"end":{"line":158,"column":39}},"101":{"start":{"line":158,"column":17},"end":{"line":158,"column":38}},"102":{"start":{"line":160,"column":4},"end":{"line":162,"column":6}},"103":{"start":{"line":161,"column":6},"end":{"line":161,"column":32}},"104":{"start":{"line":165,"column":2},"end":{"line":165,"column":28}},"105":{"start":{"line":168,"column":0},"end":{"line":171,"column":1}},"106":{"start":{"line":169,"column":2},"end":{"line":169,"column":53}},"107":{"start":{"line":170,"column":2},"end":{"line":170,"column":50}},"108":{"start":{"line":173,"column":0},"end":{"line":175,"column":1}},"109":{"start":{"line":174,"column":2},"end":{"line":174,"column":53}},"110":{"start":{"line":177,"column":0},"end":{"line":180,"column":1}},"111":{"start":{"line":178,"column":2},"end":{"line":178,"column":53}},"112":{"start":{"line":179,"column":2},"end":{"line":179,"column":78}},"113":{"start":{"line":182,"column":0},"end":{"line":218,"column":1}},"114":{"start":{"line":183,"column":2},"end":{"line":183,"column":53}},"115":{"start":{"line":184,"column":2},"end":{"line":184,"column":42}},"116":{"start":{"line":187,"column":2},"end":{"line":187,"column":50}},"117":{"start":{"line":190,"column":2},"end":{"line":190,"column":19}},"118":{"start":{"line":192,"column":2},"end":{"line":217,"column":4}},"119":{"start":{"line":193,"column":4},"end":{"line":193,"column":33}},"120":{"start":{"line":194,"column":4},"end":{"line":194,"column":50}},"121":{"start":{"line":195,"column":4},"end":{"line":195,"column":58}},"122":{"start":{"line":196,"column":4},"end":{"line":216,"column":5}},"123":{"start":{"line":198,"column":6},"end":{"line":198,"column":31}},"124":{"start":{"line":199,"column":11},"end":{"line":216,"column":5}},"125":{"start":{"line":201,"column":6},"end":{"line":201,"column":66}},"126":{"start":{"line":202,"column":6},"end":{"line":202,"column":53}},"127":{"start":{"line":203,"column":6},"end":{"line":203,"column":68}},"128":{"start":{"line":205,"column":6},"end":{"line":209,"column":10}},"129":{"start":{"line":206,"column":8},"end":{"line":208,"column":26}},"130":{"start":{"line":207,"column":10},"end":{"line":207,"column":37}},"131":{"start":{"line":210,"column":6},"end":{"line":210,"column":70}},"132":{"start":{"line":211,"column":6},"end":{"line":211,"column":42}},"133":{"start":{"line":214,"column":6},"end":{"line":214,"column":67}},"134":{"start":{"line":215,"column":6},"end":{"line":215,"column":45}}},"branchMap":{"1":{"line":20,"type":"if","locations":[{"start":{"line":20,"column":2},"end":{"line":20,"column":2}},{"start":{"line":20,"column":2},"end":{"line":20,"column":2}}]},"2":{"line":20,"type":"binary-expr","locations":[{"start":{"line":20,"column":6},"end":{"line":20,"column":33}},{"start":{"line":20,"column":37},"end":{"line":20,"column":61}}]},"3":{"line":21,"type":"if","locations":[{"start":{"line":21,"column":4},"end":{"line":21,"column":4}},{"start":{"line":21,"column":4},"end":{"line":21,"column":4}}]},"4":{"line":27,"type":"if","locations":[{"start":{"line":27,"column":6},"end":{"line":27,"column":6}},{"start":{"line":27,"column":6},"end":{"line":27,"column":6}}]},"5":{"line":40,"type":"cond-expr","locations":[{"start":{"line":40,"column":51},"end":{"line":40,"column":55}},{"start":{"line":40,"column":58},"end":{"line":40,"column":69}}]},"6":{"line":43,"type":"if","locations":[{"start":{"line":43,"column":4},"end":{"line":43,"column":4}},{"start":{"line":43,"column":4},"end":{"line":43,"column":4}}]},"7":{"line":58,"type":"if","locations":[{"start":{"line":58,"column":2},"end":{"line":58,"column":2}},{"start":{"line":58,"column":2},"end":{"line":58,"column":2}}]},"8":{"line":58,"type":"binary-expr","locations":[{"start":{"line":58,"column":6},"end":{"line":58,"column":37}},{"start":{"line":58,"column":41},"end":{"line":58,"column":58}}]},"9":{"line":64,"type":"if","locations":[{"start":{"line":64,"column":2},"end":{"line":64,"column":2}},{"start":{"line":64,"column":2},"end":{"line":64,"column":2}}]},"10":{"line":66,"type":"if","locations":[{"start":{"line":66,"column":6},"end":{"line":66,"column":6}},{"start":{"line":66,"column":6},"end":{"line":66,"column":6}}]},"11":{"line":68,"type":"if","locations":[{"start":{"line":68,"column":6},"end":{"line":68,"column":6}},{"start":{"line":68,"column":6},"end":{"line":68,"column":6}}]},"12":{"line":86,"type":"if","locations":[{"start":{"line":86,"column":6},"end":{"line":86,"column":6}},{"start":{"line":86,"column":6},"end":{"line":86,"column":6}}]},"13":{"line":86,"type":"binary-expr","locations":[{"start":{"line":86,"column":10},"end":{"line":86,"column":41}},{"start":{"line":86,"column":45},"end":{"line":86,"column":69}}]},"14":{"line":92,"type":"if","locations":[{"start":{"line":92,"column":6},"end":{"line":92,"column":6}},{"start":{"line":92,"column":6},"end":{"line":92,"column":6}}]},"15":{"line":106,"type":"if","locations":[{"start":{"line":106,"column":4},"end":{"line":106,"column":4}},{"start":{"line":106,"column":4},"end":{"line":106,"column":4}}]},"16":{"line":108,"type":"if","locations":[{"start":{"line":108,"column":6},"end":{"line":108,"column":6}},{"start":{"line":108,"column":6},"end":{"line":108,"column":6}}]},"17":{"line":109,"type":"if","locations":[{"start":{"line":109,"column":6},"end":{"line":109,"column":6}},{"start":{"line":109,"column":6},"end":{"line":109,"column":6}}]},"18":{"line":110,"type":"if","locations":[{"start":{"line":110,"column":6},"end":{"line":110,"column":6}},{"start":{"line":110,"column":6},"end":{"line":110,"column":6}}]},"19":{"line":115,"type":"switch","locations":[{"start":{"line":116,"column":6},"end":{"line":121,"column":13}},{"start":{"line":122,"column":6},"end":{"line":133,"column":14}},{"start":{"line":134,"column":6},"end":{"line":136,"column":13}}]},"20":{"line":117,"type":"cond-expr","locations":[{"start":{"line":118,"column":12},"end":{"line":118,"column":84}},{"start":{"line":119,"column":12},"end":{"line":119,"column":17}}]},"21":{"line":124,"type":"if","locations":[{"start":{"line":124,"column":8},"end":{"line":124,"column":8}},{"start":{"line":124,"column":8},"end":{"line":124,"column":8}}]},"22":{"line":127,"type":"if","locations":[{"start":{"line":127,"column":8},"end":{"line":127,"column":8}},{"start":{"line":127,"column":8},"end":{"line":127,"column":8}}]},"23":{"line":127,"type":"binary-expr","locations":[{"start":{"line":127,"column":12},"end":{"line":127,"column":25}},{"start":{"line":127,"column":29},"end":{"line":127,"column":46}}]},"24":{"line":143,"type":"if","locations":[{"start":{"line":143,"column":6},"end":{"line":143,"column":6}},{"start":{"line":143,"column":6},"end":{"line":143,"column":6}}]},"25":{"line":145,"type":"if","locations":[{"start":{"line":145,"column":8},"end":{"line":145,"column":8}},{"start":{"line":145,"column":8},"end":{"line":145,"column":8}}]},"26":{"line":146,"type":"if","locations":[{"start":{"line":146,"column":8},"end":{"line":146,"column":8}},{"start":{"line":146,"column":8},"end":{"line":146,"column":8}}]},"27":{"line":158,"type":"if","locations":[{"start":{"line":158,"column":4},"end":{"line":158,"column":4}},{"start":{"line":158,"column":4},"end":{"line":158,"column":4}}]},"28":{"line":196,"type":"if","locations":[{"start":{"line":196,"column":4},"end":{"line":196,"column":4}},{"start":{"line":196,"column":4},"end":{"line":196,"column":4}}]},"29":{"line":199,"type":"if","locations":[{"start":{"line":199,"column":11},"end":{"line":199,"column":11}},{"start":{"line":199,"column":11},"end":{"line":199,"column":11}}]}},"code":["'use strict'","const fs = require('fs')","const path = require('path')","const minimatch = require('minimatch')","const mkdirp = require('mkdirp')","","const Filesystem = require('./filesystem')","const disk = require('./disk')","const crawlFilesystem = require('./crawlfs')","const createSnapshot = require('./snapshot')","","// Return whether or not a directory should be excluded from packing due to","// \"--unpack-dir\" option","//","// @param {string} path - diretory path to check","// @param {string} pattern - literal prefix [for backward compatibility] or glob pattern","// @param {array} unpackDirs - Array of directory paths previously marked as unpacked","//","const isUnpackDir = function (path, pattern, unpackDirs) {","  if (path.indexOf(pattern) === 0 || minimatch(path, pattern)) {","    if (unpackDirs.indexOf(path) === -1) {","      unpackDirs.push(path)","    }","    return true","  } else {","    for (let i = 0; i < unpackDirs.length; i++) {","      if (path.indexOf(unpackDirs[i]) === 0) {","        return true","      }","    }","    return false","  }","}","","module.exports.createPackage = function (src, dest, callback) {","  return module.exports.createPackageWithOptions(src, dest, {}, callback)","}","","module.exports.createPackageWithOptions = function (src, dest, options, callback) {","  const dot = typeof options.dot === 'undefined' ? true : options.dot","","  return crawlFilesystem(src, { dot: dot }, function (error, filenames, metadata) {","    if (error) { return callback(error) }","    module.exports.createPackageFromFiles(src, dest, filenames, metadata, options, callback)","  })","}","","/*","createPackageFromFiles - Create an asar-archive from a list of filenames","src: Base path. All files are relative to this.","dest: Archive filename (& path).","filenames: Array of filenames relative to src.","metadata: Object with filenames as keys and {type='directory|file|link', stat: fs.stat} as values. (Optional)","options: The options.","callback: The callback function. Accepts (err).","*/","module.exports.createPackageFromFiles = function (src, dest, filenames, metadata, options, callback) {","  if (typeof metadata === 'undefined' || metadata === null) { metadata = {} }","  const filesystem = new Filesystem(src)","  const files = []","  const unpackDirs = []","","  let filenamesSorted = []","  if (options.ordering) {","    const orderingFiles = fs.readFileSync(options.ordering).toString().split('\\n').map(function (line) {","      if (line.includes(':')) { line = line.split(':').pop() }","      line = line.trim()","      if (line.startsWith('/')) { line = line.slice(1) }","      return line","    })","","    const ordering = []","    for (const file of orderingFiles) {","      const pathComponents = file.split(path.sep)","      let str = src","      for (const pathComponent of pathComponents) {","        str = path.join(str, pathComponent)","        ordering.push(str)","      }","    }","","    let missing = 0","    const total = filenames.length","","    for (const file of ordering) {","      if (!filenamesSorted.includes(file) && filenames.includes(file)) {","        filenamesSorted.push(file)","      }","    }","","    for (const file of filenames) {","      if (!filenamesSorted.includes(file)) {","        filenamesSorted.push(file)","        missing += 1","      }","    }","","    console.log(`Ordering file has ${((total - missing) / total) * 100}% coverage.`)","  } else {","    filenamesSorted = filenames","  }","","  const handleFile = function (filename, done) {","    let file = metadata[filename]","    let type","    if (!file) {","      const stat = fs.lstatSync(filename)","      if (stat.isDirectory()) { type = 'directory' }","      if (stat.isFile()) { type = 'file' }","      if (stat.isSymbolicLink()) { type = 'link' }","      file = {stat, type}","    }","","    let shouldUnpack","    switch (file.type) {","      case 'directory':","        shouldUnpack = options.unpackDir","          ? isUnpackDir(path.relative(src, filename), options.unpackDir, unpackDirs)","          : false","        filesystem.insertDirectory(filename, shouldUnpack)","        break","      case 'file':","        shouldUnpack = false","        if (options.unpack) {","          shouldUnpack = minimatch(filename, options.unpack, {matchBase: true})","        }","        if (!shouldUnpack && options.unpackDir) {","          const dirName = path.relative(src, path.dirname(filename))","          shouldUnpack = isUnpackDir(dirName, options.unpackDir, unpackDirs)","        }","        files.push({filename: filename, unpack: shouldUnpack})","        filesystem.insertFile(filename, shouldUnpack, file, options, done)","        return","      case 'link':","        filesystem.insertLink(filename, file.stat)","        break","    }","    return process.nextTick(done)","  }","","  const insertsDone = function () {","    return mkdirp(path.dirname(dest), function (error) {","      if (error) { return callback(error) }","      return disk.writeFilesystem(dest, filesystem, files, metadata, function (error) {","        if (error) { return callback(error) }","        if (options.snapshot) {","          return createSnapshot(src, dest, filenames, metadata, options, callback)","        } else {","          return callback(null)","        }","      })","    })","  }","","  const names = filenamesSorted.slice()","","  const next = function (name) {","    if (!name) { return insertsDone() }","","    return handleFile(name, function () {","      return next(names.shift())","    })","  }","","  return next(names.shift())","}","","module.exports.statFile = function (archive, filename, followLinks) {","  const filesystem = disk.readFilesystemSync(archive)","  return filesystem.getFile(filename, followLinks)","}","","module.exports.listPackage = function (archive) {","  return disk.readFilesystemSync(archive).listFiles()","}","","module.exports.extractFile = function (archive, filename) {","  const filesystem = disk.readFilesystemSync(archive)","  return disk.readFileSync(filesystem, filename, filesystem.getFile(filename))","}","","module.exports.extractAll = function (archive, dest) {","  const filesystem = disk.readFilesystemSync(archive)","  const filenames = filesystem.listFiles()","","  // under windows just extract links as regular files","  const followLinks = process.platform === 'win32'","","  // create destination directory","  mkdirp.sync(dest)","","  return filenames.map((filename) => {","    filename = filename.substr(1)  // get rid of leading slash","    const destFilename = path.join(dest, filename)","    const file = filesystem.getFile(filename, followLinks)","    if (file.files) {","      // it's a directory, create it and continue with the next entry","      mkdirp.sync(destFilename)","    } else if (file.link) {","      // it's a symlink, create a symlink","      const linkSrcPath = path.dirname(path.join(dest, file.link))","      const linkDestPath = path.dirname(destFilename)","      const relativePath = path.relative(linkDestPath, linkSrcPath);","      // try to delete output file, because we can't overwrite a link","      (() => {","        try {","          fs.unlinkSync(destFilename)","        } catch (error) {}","      })()","      const linkTo = path.join(relativePath, path.basename(file.link))","      fs.symlinkSync(linkTo, destFilename)","    } else {","      // it's a file, extract it","      const content = disk.readFileSync(filesystem, filename, file)","      fs.writeFileSync(destFilename, content)","    }","  })","}",""],"l":{"2":6,"3":6,"4":6,"5":6,"7":6,"8":6,"9":6,"10":6,"19":0,"20":0,"21":0,"22":0,"24":0,"26":0,"27":0,"28":0,"31":0,"35":0,"36":0,"39":0,"40":0,"42":0,"43":0,"44":0,"57":0,"58":0,"59":0,"60":0,"61":0,"63":0,"64":0,"65":0,"66":0,"67":0,"68":0,"69":0,"72":0,"73":0,"74":0,"75":0,"76":0,"77":0,"78":0,"82":0,"83":0,"85":0,"86":0,"87":0,"91":0,"92":0,"93":0,"94":0,"98":0,"100":0,"103":0,"104":0,"105":0,"106":0,"107":0,"108":0,"109":0,"110":0,"111":0,"114":0,"115":0,"117":0,"120":0,"121":0,"123":0,"124":0,"125":0,"127":0,"128":0,"129":0,"131":0,"132":0,"133":0,"135":0,"136":0,"138":0,"141":0,"142":0,"143":0,"144":0,"145":0,"146":0,"147":0,"149":0,"155":0,"157":0,"158":0,"160":0,"161":0,"165":0,"168":0,"169":0,"170":0,"173":0,"174":0,"177":0,"178":0,"179":0,"182":0,"183":0,"184":0,"187":0,"190":0,"192":0,"193":0,"194":0,"195":0,"196":0,"198":0,"199":0,"201":0,"202":0,"203":0,"205":0,"206":0,"207":0,"210":0,"211":0,"214":0,"215":0}},"/home/travis/build/npmtest/node-npmtest-asar/node_modules/asar/lib/filesystem.js":{"path":"/home/travis/build/npmtest/node-npmtest-asar/node_modules/asar/lib/filesystem.js","s":{"1":1,"2":1,"3":1,"4":1,"5":0,"6":0,"7":0,"8":0,"9":0,"10":0,"11":0,"12":0,"13":0,"14":0,"15":0,"16":0,"17":0,"18":0,"19":0,"20":0,"21":0,"22":0,"23":0,"24":0,"25":0,"26":0,"27":0,"28":0,"29":0,"30":0,"31":0,"32":0,"33":0,"34":0,"35":0,"36":0,"37":0,"38":0,"39":0,"40":0,"41":0,"42":0,"43":0,"44":0,"45":0,"46":0,"47":0,"48":0,"49":0,"50":0,"51":0,"52":0,"53":0,"54":0,"55":0,"56":0,"57":0,"58":0,"59":0,"60":0,"61":0,"62":0,"63":0,"64":0,"65":0,"66":0,"67":0,"68":0,"69":0,"70":0,"71":0,"72":0,"73":0,"74":0,"75":0,"76":0,"77":0,"78":0,"79":0,"80":0,"81":0,"82":0,"83":0,"84":0,"85":0,"86":0,"87":1},"b":{"1":[0,0],"2":[0,0],"3":[0,0],"4":[0,0],"5":[0,0],"6":[0,0],"7":[0,0],"8":[0,0],"9":[0,0],"10":[0,0],"11":[0,0],"12":[0,0],"13":[0,0],"14":[0,0],"15":[0,0],"16":[0,0],"17":[0,0],"18":[0,0],"19":[0,0],"20":[0,0]},"f":{"1":0,"2":0,"3":0,"4":0,"5":0,"6":0,"7":0,"8":0,"9":0,"10":0,"11":0,"12":0},"fnMap":{"1":{"name":"(anonymous_1)","line":8,"loc":{"start":{"line":8,"column":14},"end":{"line":8,"column":20}}},"2":{"name":"(anonymous_2)","line":14,"loc":{"start":{"line":14,"column":26},"end":{"line":14,"column":30}}},"3":{"name":"(anonymous_3)","line":25,"loc":{"start":{"line":25,"column":21},"end":{"line":25,"column":25}}},"4":{"name":"(anonymous_4)","line":39,"loc":{"start":{"line":39,"column":18},"end":{"line":39,"column":36}}},"5":{"name":"(anonymous_5)","line":48,"loc":{"start":{"line":48,"column":13},"end":{"line":48,"column":56}}},"6":{"name":"(anonymous_6)","line":78,"loc":{"start":{"line":78,"column":22},"end":{"line":78,"column":43}}},"7":{"name":"(anonymous_7)","line":84,"loc":{"start":{"line":84,"column":28},"end":{"line":84,"column":40}}},"8":{"name":"(anonymous_8)","line":97,"loc":{"start":{"line":97,"column":13},"end":{"line":97,"column":23}}},"9":{"name":"(anonymous_9)","line":107,"loc":{"start":{"line":107,"column":12},"end":{"line":107,"column":15}}},"10":{"name":"(anonymous_10)","line":109,"loc":{"start":{"line":109,"column":32},"end":{"line":109,"column":51}}},"11":{"name":"(anonymous_11)","line":128,"loc":{"start":{"line":128,"column":10},"end":{"line":128,"column":14}}},"12":{"name":"(anonymous_12)","line":138,"loc":{"start":{"line":138,"column":10},"end":{"line":138,"column":27}}}},"statementMap":{"1":{"start":{"line":2,"column":0},"end":{"line":2,"column":24}},"2":{"start":{"line":3,"column":0},"end":{"line":3,"column":28}},"3":{"start":{"line":4,"column":0},"end":{"line":4,"column":26}},"4":{"start":{"line":5,"column":0},"end":{"line":5,"column":38}},"5":{"start":{"line":9,"column":4},"end":{"line":9,"column":32}},"6":{"start":{"line":10,"column":4},"end":{"line":10,"column":29}},"7":{"start":{"line":11,"column":4},"end":{"line":11,"column":27}},"8":{"start":{"line":15,"column":4},"end":{"line":15,"column":26}},"9":{"start":{"line":16,"column":4},"end":{"line":16,"column":34}},"10":{"start":{"line":17,"column":4},"end":{"line":21,"column":5}},"11":{"start":{"line":18,"column":6},"end":{"line":20,"column":7}},"12":{"start":{"line":19,"column":8},"end":{"line":19,"column":30}},"13":{"start":{"line":22,"column":4},"end":{"line":22,"column":15}},"14":{"start":{"line":26,"column":4},"end":{"line":26,"column":34}},"15":{"start":{"line":27,"column":4},"end":{"line":27,"column":34}},"16":{"start":{"line":27,"column":14},"end":{"line":27,"column":33}},"17":{"start":{"line":28,"column":4},"end":{"line":28,"column":33}},"18":{"start":{"line":29,"column":4},"end":{"line":29,"column":62}},"19":{"start":{"line":30,"column":4},"end":{"line":32,"column":5}},"20":{"start":{"line":31,"column":6},"end":{"line":31,"column":21}},"21":{"start":{"line":33,"column":4},"end":{"line":35,"colum
[...]
    // the file should not be packed into archive.","    const filename = path.relative(filesystem.src, file.filename)","    try {","      copyFileToSync(`${dest}.unpacked`, filesystem.src, filename)","    } catch (error) {","      return callback(error)","    }","    return writeFileListToStream(dest, filesystem, out, list.slice(1), metadata, callback)","  } else {","    const tr = metadata[file.filename].transformed","    const stream = fs.createReadStream((tr ? tr.path : file.filename))","    stream.pipe(out, {end: false})","    stream.on('error', callback)","    return stream.on('end', function () {","      return writeFileListToStream(dest, filesystem, out, list.slice(1), metadata, callback)","    })","  }","}","","module.exports.writeFilesystem = function (dest, filesystem, files, metadata, callback) {","  let sizeBuf","  let headerBuf","  try {","    const headerPickle = pickle.createEmpty()","    headerPickle.writeString(JSON.stringify(filesystem.header))","    headerBuf = headerPickle.toBuffer()","","    const sizePickle = pickle.createEmpty()","    sizePickle.writeUInt32(headerBuf.length)","    sizeBuf = sizePickle.toBuffer()","  } catch (error) {","    return callback(error)","  }","","  const out = fs.createWriteStream(dest)","  out.on('error', callback)","  out.write(sizeBuf)","  return out.write(headerBuf, function () {","    return writeFileListToStream(dest, filesystem, out, files, metadata, callback)","  })","}","","module.exports.readArchiveHeaderSync = function (archive) {","  const fd = fs.openSync(archive, 'r')","  let size","  let headerBuf","  try {","    const sizeBuf = new Buffer(8)","    if (fs.readSync(fd, sizeBuf, 0, 8, null) !== 8) {","      throw new Error('Unable to read header size')","    }","","    const sizePickle = pickle.createFromBuffer(sizeBuf)","    size = sizePickle.createIterator().readUInt32()","    headerBuf = new Buffer(size)","    if (fs.readSync(fd, headerBuf, 0, size, null) !== size) {","      throw new Error('Unable to read header')","    }","  } finally {","    fs.closeSync(fd)","  }","","  const headerPickle = pickle.createFromBuffer(headerBuf)","  const header = headerPickle.createIterator().readString()","  return {header: JSON.parse(header), headerSize: size}","}","","module.exports.readFilesystemSync = function (archive) {","  if (!filesystemCache[archive]) {","    const header = this.readArchiveHeaderSync(archive)","    const filesystem = new Filesystem(archive)","    filesystem.header = header.header","    filesystem.headerSize = header.headerSize","    filesystemCache[archive] = filesystem","  }","  return filesystemCache[archive]","}","","module.exports.readFileSync = function (filesystem, filename, info) {","  let buffer = new Buffer(info.size)","  if (info.size <= 0) { return buffer }","  if (info.unpacked) {","    // it's an unpacked file, copy it.","    buffer = fs.readFileSync(path.join(`${filesystem.src}.unpacked`, filename))","  } else {","    // Node throws an exception when reading 0 bytes into a 0-size buffer,","    // so we short-circuit the read in this case.","    const fd = fs.openSync(filesystem.src, 'r')","    try {","      const offset = 8 + filesystem.headerSize + parseInt(info.offset)","      fs.readSync(fd, buffer, 0, info.size, offset)","    } finally {","      fs.closeSync(fd)","    }","  }","  return buffer","}",""],"l":{"2":1,"3":1,"4":1,"5":1,"7":1,"8":1,"10":1,"11":0,"12":0,"14":0,"15":0,"16":0,"17":0,"20":1,"21":0,"22":0,"23":0,"26":0,"27":0,"29":0,"30":0,"31":0,"33":0,"35":0,"37":0,"38":0,"39":0,"40":0,"41":0,"42":0,"47":1,"48":0,"49":0,"50":0,"51":0,"52":0,"53":0,"55":0,"56":0,"57":0,"59":0,"62":0,"63":0,"64":0,"65":0,"66":0,"70":1,"71":0,"72":0,"73":0,"74":0,"75":0,"76":0,"77":0,"80":0,"81":0,"82":0,"83":0,"84":0,"87":0,"90":0,"91":0,"92":0,"95":1,"96":0,"97":0,"98":0,"99":0,"100":0,"101":0,"103":0,"106":1,"107":0,"108":0,"109":0,"111":0,"115":0,"116":0,"117":0,"118":0,"120":0,"123":0}},"/home/travis/build/npmtest/node-npmtest-asar/node_modules/asar/lib/crawlfs.js":{"path":"/home/travis/build/npmtest/node-npmtest-asar/node_modules/asar/lib/crawlfs.js","s":{"1":1,"2":1,"3":1,"4":0,"5":0,"6":0,"7":0,"8":0,"9":0,"10":0,"11":0,"12":0,"13":0,"14":0,"15":0,"16":0},"b":{"1":[0,0],"2":[0,0],"3":[0,0],"4":[0,0]},"f":{"1":0,"2":0},"fnMap":{"1":{"name":"(anonymous_1)","line":5,"loc":{"start":{"line":5,"column":17},"end":{"line":5,"column":51}}},"2":{"name":"(anonymous_2)","line":7,"loc":{"start":{"line":7,"column":38},"end":{"line":7,"column":66}}}},"statementMap":{"1":{"start":{"line":2,"column":0},"end":{"line":2,"column":24}},"2":{"start":{"line":3,"column":0},"end":{"line":3,"column":28}},"3":{"start":{"line":5,"column":0},"end":{"line":21,"column":1}},"4":{"start":{"line":6,"column":2},"end":{"line":6,"column":21}},"5":{"start":{"line":7,"column":2},"end":{"line":20,"column":4}},"6":{"start":{"line":8,"column":4},"end":{"line":8,"column":41}},"7":{"start":{"line":8,"column":17},"end":{"line":8,"column":40}},"8":{"start":{"line":9,"column":4},"end":{"line":18,"column":5}},"9":{"start":{"line":10,"column":6},"end":{"line":10,"column":41}},"10":{"start":{"line":11,"column":6},"end":{"line":17,"column":7}},"11":{"start":{"line":12,"column":8},"end":{"line":12,"column":55}},"12":{"start":{"line":13,"column":13},"end":{"line":17,"column":7}},"13":{"start":{"line":14,"column":8},"end":{"line":14,"column":60}},"14":{"start":{"line":15,"column":13},"end":{"line":17,"column":7}},"15":{"start":{"line":16,"column":8},"end":{"line":16,"column":55}},"16":{"start":{"line":19,"column":4},"end":{"line":19,"column":46}}},"branchMap":{"1":{"line":8,"type":"if","locations":[{"start":{"line":8,"column":4},"end":{"line":8,"column":4}},{"start":{"line":8,"column":4},"end":{"line":8,"column":4}}]},"2":{"line":11,"type":"if","locations":[{"start":{"line":11,"column":6},"end":{"line":11,"column":6}},{"start":{"line":11,"column":6},"end":{"line":11,"column":6}}]},"3":{"line":13,"type":"if","locations":[{"start":{"line":13,"column":13},"end":{"line":13,"column":13}},{"start":{"line":13,"column":13},"end":{"line":13,"column":13}}]},"4":{"line":15,"type":"if","locations":[{"start":{"line":15,"column":13},"end":{"line":15,"column":13}},{"start":{"line":15,"column":13},"end":{"line":15,"column":13}}]}},"code":["'use strict'","const fs = require('fs')","const glob = require('glob')","","module.exports = function (dir, options, callback) {","  const metadata = {}","  return glob(dir + '/**/*', options, function (error, filenames) {","    if (error) { return callback(error) }","    for (const filename of filenames) {","      const stat = fs.lstatSync(filename)","      if (stat.isFile()) {","        metadata[filename] = {type: 'file', stat: stat}","      } else if (stat.isDirectory()) {","        metadata[filename] = {type: 'directory', stat: stat}","      } else if (stat.isSymbolicLink()) {","        metadata[filename] = {type: 'link', stat: stat}","      }","    }","    return callback(null, filenames, metadata)","  })","}",""],"l":{"2":1,"3":1,"5":1,"6":0,"7":0,"8":0,"9":0,"10":0,"11":0,"12":0,"13":0,"14":0,"15":0,"16":0,"19":0}},"/home/travis/build/npmtest/node-npmtest-asar/node_modules/asar/lib/snapshot.js":{"path":"/home/travis/build/npmtest/node-npmtest-asar/node_modules/asar/lib/snapshot.js","s":{"1":8,"2":8,"3":8,"4":0,"5":0,"6":0,"7":0,"8":0,"9":0,"10":0,"11":0,"12":0,"13":0,"14":0,"15":0,"16":0,"17":0,"18":0,"19":0,"20":0,"21":0,"22":0,"23":0,"24":0,"25":0,"26":0,"27":0,"28":0,"29":0,"30":0,"31":0,"32":0,"33":0,"34":0,"35":0,"36":0,"37":0,"38":0,"39":0,"40":0,"41":0,"42":0},"b":{"1":[0,0],"2":[0,0],"3":[0,0,0],"4":[0,0],"5":[0,0]},"f":{"1":0,"2":0,"3":0,"4":0},"fnMap":{"1":{"name":"(anonymous_1)","line":7,"loc":{"start":{"line":7,"column":17},"end":{"line":7,"column":36}}},"2":{"name":"(anonymous_2)","line":14,"loc":{"start":{"line":14,"column":23},"end":{"line":14,"column":41}}},"3":{"name":"(anonymous_3)","line":19,"loc":{"start":{"line":19,"column":23},"end":{"line":19,"column":42}}},"4":{"name":"(anonymous_4)","line":29,"loc":{"start":{"line":29,"column":23},"end":{"line":29,"column":84}}}},"statementMap":{"1":{"start":{"line":2,"column":0},"end":{"line":2,"column":24}},"2":{"start":{"line":3,"column":0},"end":{"line":3,"column":28}},"3":{"start":{"line":4,"column":0},"end":{"line":4,"column":40}},"4":{"start":{"line":5,"column":0},"end":{"line":5,"column":24}},"5":{"start":{"line":7,"column":0},"end":{"line":12,"column":1}},"6":{"start":{"line":8,"column":2},"end":{"line":10,"column":3}},"7":{"start":{"line":9,"column":4},"end":{"line":9,"column":30}},"8":{"start":{"line":11,"column":2},"end":{"line":11,"column":16}},"9":{"start":{"line":14,"column":0},"end":{"line":17,"column":1}},"10":{"start":{"line":15,"column":2},"end":{"line":15,"column":38}},"11":{"start":{"line":16,"column":2},"end":{"line":16,"column":87}},"12":{"start":{"line":19,"column":0},"end":{"line":27,"column":1}},"13":{"start":{"line":20,"column":2},"end":{"line":20,"column":48}},"14":{"start":{"line":21,"column":2},"end":{"line":24,"column":3}},"15":{"start":{"line":22,"column":4},"end":{"line":22,"column":45}},"16":{"start":{"line":23,"column":4},"end":{"line":23,"column":43}},"17":{"start":{"line":25,"column":2},"end":{"line":25,"column":18}},"18":{"start":{"line":26,"column":2},"end":{"line":26,"column":15}},"19":{"start":{"line":29,"column":0},"end":{"line":60,"column":1}},"20":{"start":{"line":30,"column":2},"end":{"line":30,"column":20}},"21":{"start":{"line":31,"column":2},"end":{"line":48,"column":3}},"22":{"start":{"line":32,"column":4},"end":{"line":32,"column":27}},"23":{"start":{"line":33,"column":4},"end":{"line":45,"column":5}},"24":{"start":{"line":34,"column":6},"end":{"line":34,"column":37}},"25":{"start":{"line":35,"column":6},"end":{"line":44,"column":7}},"26":{"start":{"line":36,"column":8},"end":{"line":36,"column":82}},"27":{"start":{"line":37,"column":8},"end":{"line":37,"column":61}},"28":{"start":{"line":38,"column":8},"end":{"line":43,"column":9}},"29":{"start":{"line":39,"column":10},"end":{"line":39,"column":84}},"30":{"start":{"line":40,"column":10},"end":{"line":40,"column":46}},"31":{"start":{"line":42,"column":10},"end":{"line":42,"column":78}},"32":{"start":{"line":47,"column":4},"end":{"line":47,"column":26}},"33":{"start":{"line":51,"column":2},"end":{"line":51,"column":37}},"34":{"start":{"line":52,"column":2},"end":{"line":52,"column":33}},"35":{"start":{"line":53,"column":2},"end":{"line":53,"column":27}},"36":{"start":{"line":54,"column":2},"end":{"line":54,"column":35}},"37":{"start":{"line":55,"column":2},"end":{"line":55,"column":39}},"38":{"start":{"line":57,"column":2},"end":{"line":57,"column":102}},"39":{"start":{"line":57,"column":68},"end":{"line":57,"column":101}},"40":{"start":{"line":58,"column":2},"end":{"line":58,"column":63}},"41":{"start":{"line":59,"column":2},"end":{"line":59,"column":67}},"42":{"start":{"line":62,"column":0},"end":{"line":62,"column":31}}},"branchMap":{"1":{"line":8,"type":"if","locations":[{"start":{"line":8,"column":2},"end":{"line":8,"column":2}},{"start":{"line":8,"column":2},"end":{"line":8,"column":2}}]},"2":{"line":35,"type":"if","locations":[{"start":{"line":35,"column":6},"end":{"line":35,"column":6}},{"start":{"line":35,"column":6},"end":{"line":35,"column":6}}]},"3":{"line":35,"type":"binary-expr","locations":[{"start":{"line":35,"column":11},"end":{"line":35,"column":31}},{"start":{"line":35,"column":35},"end":{"line":35,"column":55}},{"start":{"line":35,"column":60},"end":{"line":35,"column":89}}]},"4":{"line":57,"type":"if","locations":[{"start":{"line":57,"column":2},"end":{"line":57,"column":2}},{"start":{"line":57,"column":2},"end":{"line":57,"column":2}}]},"5":{"line":57,"type":"binary-expr","locations":[{"start":{"line":57,"column":6},"end":{"line":57,"column":40}},{"start":{"line":57,"column":44},"end":{"line":57,"column":64}}]}},"code":["'use strict'","const fs = require('fs')","const path = require('path')","const mksnapshot = require('mksnapshot')","const vm = require('vm')","","const stripBOM = function (content) {","  if (content.charCodeAt(0) === 0xFEFF) {","    content = content.slice(1)","  }","  return content","}","","const wrapModuleCode = function (script) {","  script = script.replace(/^#!.*/, '')","  return `(function(exports, require, module, __filename, __dirname) { ${script} \\n});`","}","","const dumpObjectToJS = function (content) {","  let result = 'var __ATOM_SHELL_SNAPSHOT = {\\n'","  for (const filename in content) {","    const func = content[filename].toString()","    result += `  '${filename}': ${func},\\n`","  }","  result += '};\\n'","  return result","}","","const createSnapshot = function (src, dest, filenames, metadata, options, callback) {","  const content = {}","  try {","    src = path.resolve(src)","    for (const filename of filenames) {","      const file = metadata[filename]","      if ((file.type === 'file' || file.type === 'link') && filename.substr(-3) === '.js') {","        const script = wrapModuleCode(stripBOM(fs.readFileSync(filename, 'utf8')))","        const relativeFilename = path.relative(src, filename)","        try {","          const compiled = vm.runInThisContext(script, {filename: relativeFilename})","          content[relativeFilename] = compiled","        } catch (error) {","          console.error('Ignoring ' + relativeFilename + ' for ' + error.name)","        }","      }","    }","  } catch (error) {","    return callback(error)","  }","","  // run mksnapshot","  const str = dumpObjectToJS(content)","  const version = options.version","  const arch = options.arch","  const builddir = options.builddir","  let snapshotdir = options.snapshotdir","","  if (typeof snapshotdir === 'undefined' || snapshotdir === null) { snapshotdir = path.dirname(dest) }","  const target = path.resolve(snapshotdir, 'snapshot_blob.bin')","  return mksnapshot(str, target, version, arch, builddir, callback)","}","","module.exports = createSnapshot",""],"l":{"2":8,"3":8,"4":8,"5":0,"7":0,"8":0,"9":0,"11":0,"14":0,"15":0,"16":0,"19":0,"20":0,"21":0,"22":0,"23":0,"25":0,"26":0,"29":0,"30":0,"31":0,"32":0,"33":0,"34":0,"35":0,"36":0,"37":0,"38":0,"39":0,"40":0,"42":0,"47":0,"51":0,"52":0,"53":0,"54":0,"55":0,"57":0,"58":0,"59":0,"62":0}},"/home/travis/build/npmtest/node-npmtest-asar/node_modules/asar/bin/asar.js":{"path":"/home/travis/build/npmtest/node-npmtest-asar/node_modules/asar/bin/asar.js","s":{"1":4,"2":0,"3":0,"4":0,"5":0,"6":0,"7":0,"8":0,"9":0,"10":0,"11":0,"12":0,"13":0,"14":0,"15":0,"16":0,"17":0,"18":0,"19":0,"20":0,"21":0,"22":0},"b":{"1":[0,0],"2":[0,0]},"f":{"1":0,"2":0,"3":0,"4":0,"5":0,"6":0},"fnMap":{"1":{"name":"(anonymous_1)","line":19,"loc":{"start":{"line":19,"column":15},"end":{"line":19,"column":47}}},"2":{"name":"(anonymous_2)","line":30,"loc":{"start":{"line":30,"column":61},"end":{"line":30,"column":78}}},"3":{"name":"(anonymous_3)","line":41,"loc":{"start":{"line":41,"column":15},"end":{"line":41,"column":34}}},"4":{"name":"(anonymous_4)","line":51,"loc":{"start":{"line":51,"column":15},"end":{"line":51,"column":44}}},"5":{"name":"(anonymous_5)","line":59,"loc":{"start":{"line":59,"column":15},"end":{"line":59,"column":40}}},"6":{"name":"(anonymous_6)","line":64,"loc":{"start":{"line":64,"column":15},"end":{"line":64,"column":30}}}},"statementMap":{"1":{"start":{"line":2,"column":0},"end":{"line":2,"column":33}},"2":{"start":{"line":3,"column":0},"end":{"line":3,"column":34}},"3":{"start":{"line":5,"column":0},"end":{"line":6,"column":52}},"4":{"start":{"line":8,"column":0},"end":{"line":36,"column":9}},"5":{"start":{"line":20,"column":9},"end":{"line":29,"column":10}},"6":{"start":{"line":30,"column":9},"end":{"line":35,"column":11}},"7":{"start":{"line":31,"column":11},"end":{"line":34,"column":12}},"8":{"start":{"line":32,"column":13},"end":{"line":32,"column":39}},"9":{"start":{"line":33,"column":13},"end":{"line":33,"column":28}},"10":{"start":{"line":38,"column":0},"end":{"line":46,"column":9}},"11":{"start":{"line":42,"column":9},"end":{"line":42,"column":46}},"12":{"start":{"line":43,"column":9},"end":{"line":45,"column":10}},"13":{"start":{"line":44,"column":11},"end":{"line":44,"column":32}},"14":{"start":{"line":48,"column":0},"end":{"line":54,"column":9}},"15":{"start":{"line":52,"column":9},"end":{"line":53,"column":73}},"16":{"start":{"line":56,"column":0},"end":{"line":61,"column":9}},"17":{"start":{"line":60,"column":9},"end":{"line":60,"column":39}},"18":{"start":{"line":63,"column":0},"end":{"line":66,"column":9}},"19":{"start":{"line":65,"column":9},"end":{"line":65,"column":86}},"20":{"start":{"line":68,"column":0},"end":{"line":68,"column":27}},"21":{"start":{"line":70,"column":0},"end":{"line":72,"column":1}},"22":{"start":{"line":71,"column":2},"end":{"line":71,"column":16}}},"branchMap":{"1":{"line":31,"type":"if","locations":[{"start":{"line":31,"column":11},"end":{"line":31,"column":11}},{"start":{"line":31,"column":11},"end":{"line":31,"column":11}}]},"2":{"line":70,"type":"if","locations":[{"start":{"line":70,"column":0},"end":{"line":70,"column":0}},{"start":{"line":70,"column":0},"end":{"line":70,"column":0}}]}},"code":["//#!/usr/bin/env node","var asar = require('../lib/asar')","var program = require('commander')","","program.version('v' + require('../package.json').version)","       .description('Manipulate asar archive files')","","program.command('pack <dir> <output>')","       .alias('p')","       .description('create asar archive')","       .option('--ordering <file path>', 'path to a text file for ordering contents')","       .option('--unpack <expression>', 'do not pack files matching glob <expression>')","       .option('--unpack-dir <expression>', 'do not pack dirs matching glob <expression> or starting with literal <expression>')","       .option('--snapshot', 'create snapshot')","       .option('--exclude-hidden', 'exclude hidden files')","       .option('--sv <version>', '(snapshot) version of Electron')","       .option('--sa <arch>', '(snapshot) arch of Electron')","       .option('--sb <builddir>', '(snapshot) where to put downloaded files')","       .action(function (dir, output, options) {","         options = {","           unpack: options.unpack,","           unpackDir: options.unpackDir,","           snapshot: options.snapshot,","           ordering: options.ordering,","           version: options.sv,","           arch: options.sa,","           builddir: options.sb,","           dot: !options.excludeHidden","         }","         asar.createPackageWithOptions(dir, output, options, function (error) {","           if (error) {","             console.error(error.stack)","             process.exit(1)","           }","         })","       })","","program.command('list <archive>')","       .alias('l')","       .description('list files of asar archive')","       .action(function (archive) {","         var files = asar.listPackage(archive)","         for (var i in files) {","           console.log(files[i])","         }","       })","","program.command('extract-file <archive> <filename>')","       .alias('ef')","       .description('extract one file from archive')","       .action(function (archive, filename) {","         require('fs').writeFileSync(require('path').basename(filename),","                                     asar.extractFile(archive, filename))","       })","","program.command('extract <archive> <dest>')","       .alias('e')","       .description('extract archive')","       .action(function (archive, dest) {","         asar.extractAll(archive, dest)","       })","","program.command('*')","       .action(function (cmd) {","         console.log('asar: \\'%s\\' is not an asar command. See \\'asar --help\\'.', cmd)","       })","","program.parse(process.argv)","","if (program.args.length === 0) {","  program.help()","}",""],"l":{"2":4,"3":0,"5":0,"8":0,"20":0,"30":0,"31":0,"32":0,"33":0,"38":0,"42":0,"43":0,"44":0,"48":0,"52":0,"56":0,"60":0,"63":0,"65":0,"68":0,"70":0,"71":0}}}